[  0.0000 Initializing cgroup subsys cpuset
[    0.000000] Initializing cgroup subsys cpu
[    0.00000 Iitiaizng cou subyspuac
    00000] Lux veron4.4.10-geneicbuildlg01-ad6027)(g versio5..0200609 Ubuu 5.40-buntu~1045) ) 127-butu SM M Dec 1 1:1:5UTC 2017 (Ubuntu 4.4.0-10412geeric 4.98)
[   000000]KEEL spoted us
[  00000]  Inte GuineIte
[   0.0000  MD AutheicMD
[   00000]  N Geode  NSC
[    0.00000   yri CyriInsted
[  .00000] CenauCentaurHauls
[    0.000000]   Transmeta GenuineTMx86
[    0.000000]   Transmeta TransmetaCPU
[    0.000000]   UMC UMC UMC UMC
[   0.000000] x86/fpu: xstate_offse[2]:  576, xstate_sizes[2]:  256
[    0.000000] x86/fpu: Supporting XSAVE feature 0x01: 'x87 floating point registers'
[    0.000000] x86/fpu: Supporting XSAVE feature 0x02: 'SSE registers'
   0.000] x/fu: Spoti XAVE atre 04 'AVX egters
[   00000] x86/fu: naled xat feaur 0x7cotext zeis 32ytesusng 'taard' format.
[    0.000000] x86/fpu: Using 'lazy' FPU context switches.
[  00000] 82 BIS-proid physical RAM map:
[    0.000000] BIOS-e820: [mem 0x0000000000000000-0x000000000009fbff] usable
[    0.000000] BIOS-e820: [mem 0x000000000009fc00-0x000000000009ffff] reserved
[    0.000000] BIOS-e820: [mem 0x00000000000f0000-0x00000000000fffff] reserved
[    0.000000] BIOS-e820: [mem 0x0000000000100000-0x000000003ffeffff] usable
[    0.000000] BIOS-e820: [mem 0x000000003fff0000-0x000000003fffffff] ACPI data
[    0.000000] BIOS-e820: [mem 0x00000000fec00000-0x00000000fec00fff] reserved
[    0.000000] BBIOS-e0: [m 0000000fe000-000000ee0fff] esved
[    0.0000 BIO-e0: [mm 000000ffc00-x000000fffff] rseed
[  .000]  (Eecut Dsaleprteion actve
[  .0000] SIO 2 pesen
    00000]yprvis dtect: VM[    0.000000] e820: last_pfn  0x3ff maxrc_pfn 010000
[  .0000] TR Dsabled
[   00000]x86/PAT MTs disabedskppinPAT intilitin o.
[   .000] PU MTRR a blank -viruaizd stem.
[  0.0000 x86/T:Cofigraion [-7 WB  W  - UC B WT UCUC      00000] ou SMP P-tbl a[mem 00009f0-x0009ff  mape at [c009f0]
  0.0000] Scanning 1 reas for low meorcorruio
[   00000 RAMDIK: [m 036af2000-0x37570fff]
[   00000]CPI: Ealyable cheks verifcaon disbl
[   0.00000] ACPI: RSD 0x00000000E0000 0004 v02 BO )
    0.000000] ACPI: XSDT 0x000000003FFF0030 00003C (v01 VBOX   VBOXXSDT 00000001 ASL  00000061)
[    0.000000] ACPI: FACP 0x000000003FFF00F0 0000F4 (v04 VBOX   VBOXFACP 00000001 ASL  00000061)
[    0.000000] ACPI: DSDT 0x000000003FFF0470 00210F (v01 VBOX   VBOXBIOS000002NTL 1052
    00000]CP: FA 0000000FFF00 0000[  00000] API: FAC0x00000003FFF0200 000040
   0.000]ACPI:PI 0x000003F02400000C 02 VX  VBOAP 00000001ASL  00000061)
[    0.000000] ACPI: SSDT 0x0000003F020 000C v01 OX  VBOXPU 00000 INT2000528)
[  0.000] 31B HGHMEMavlable.
  0.0000]891M LMEM vaible.
[   00000  mapelow rm: - 37fe0
[   00000]  lo ra 0 - 37e00

[  .0000]kvm-oc: Usg srs 56d01 d b5640
[  .0000] kvm-clock: cpu 0, msr 0:37bfd001, primary cpu clock
[    0.000000]kvm-lo: usig hed ose o3418198 ccls[  0000000] clocsouce:kvm-lo: mask: 0xffffffffffffffff ax_cycles: 0x1cd42e4dffb, max_idle_ns: 881590591483 ns
[    0.000000] Zone ranges:
[    0.0000]   MA    [mem 0x0000000000001000-0x0000000000ffffff]
[    0.000000]   Normal   [mem 0x0000000001000000-0x0000037bfdff
   0.0000]  HiMe  [m 00000037bfe0000x000003efff
[    0.00000 Movle zone start for each node
[    0.00000Ealymemrynode ranges
[    0.000000]  ne   0:me 0000000000010-0000000009ff
[    0.0000   node   0: [mem 0x0000000000100000-0x000000003ffeffff]
[    0.000000] Initmem setup node 0 [mem 0x0000000000001000-0x000000003ffeffff]
[    0.000000] Using APIC driver default
[    0.000000] ACPI: PM-Timer IO Po: 0x408
[  .00000 IOAIC]: aicd 2,erion , ddre 0fec00, I -23[   .0000] ACPI: INT_SRC_OVR (bus 0 bus_irq 0 global_irq 2 dfl dfl)
[    0.000000] ACPI: INT_SRC_OVR (bus 0 bus_irq 9 global_irq 9 high level)
[    0.00000] Uin AI MA) fo SP nfigraon ioratn
[  00000] smpboo: llin 2PU, 0 tpug Cs
[  .00000PM: Regited nosave emry [emx0000000-00000ff
[   0.0000] PM: Registered nosave memory: [mem 0x0009f000-0x0009ffff]
[    0.00000PM: egteredosveemry[mm 0x0a000x00eff
[  00000]PMReisted nose emor [emx00f000-000fff]
[  00000 e0:[m 0x40000000-0febffffavailablfo PCI deic
[    00000] oong parartalzekerne oKVM
  0.000]loksur: rene-jiffesmask0xfffff ax_cyes 0ffff, axid_ns: 7655196021168s
[  00000 setp_rcpu:NRPUS:8 nr_cpumask_bits:8 nr_cpu_ids:2 nr_node_ids:1
[    0.000000] PERCPU: Embedded 19 pages/cpu @f76b0000 s47308 0 0516 784[   000000] PV qspinlock hash table entries: 512 (order: 0, 496 bte)
[    0.000000] Built 1 zonelistsin Zone order, mobility grouping on.  Total pages: 259800
[    0.000000] Kernel command line: BOOT_IMAGE=/boot/vmlinuz-4.4.0-104-generic root=LABEL=cloudimg-rootfs ro console=tty1 conole=ttyS0
[    0.000000] PID hash table entries: 4096 (order: 2, 16384 bytes)
[    0.00000] entry cch hastale eris: 107 (de: , 24288 bys)
[   0.0000]noe-ac hash ab entie 65536 orr: 6, 2624 ytes)
[  .000] Initliing PU
[   00000] itaalizig HighMem ornode  (000bfe:003fff0)
[    0.000000] Initializing ovble fonoe 0 0000000000)
[  .00000Memo: 01210K048120K availale7970K rnl de 7K wdta318K rodataa,94 init, 00bss,590Kesrved,K ma-reserved, 135112K highmem)
[    0.000000] virtual kernel memory layout:
[    0.00000]     fixmap  : 0xfff15000 - 0xfffff000   ( 936 kB)
[    0.000000]     pkmap   : 0xffc00000 - 0xffe00000   (2048 kB)
[    0.000000]     vmalloc : 0xf83fe000 - 0xffbfe000   ( 120 MB)
[    0.000000]     lowmem  : 0xc0000000 - 0xf7bfe000   ( 891 MB)
[    0.00000]    .iit: 0xba000 0x1c8e0  ( 9 k)
[  .0000       .dat: 0c17c8ed 0xc1b1f   (940 B)
[   00000      .txt : 0xc1000000 - 0xc17c8bed   (7970 kB)
[    0.000000] Checkig f hiprocessor honours the W b even in survisr de...k.
[    0.000000] SLUB: HWalign=64, Order=0-3, MinObjects=0, CPUs=2, Node=1
[    0.000] Hiearical CUmplemenaton.    0000 	uid-me ausmet  leaf ant to2.
[   .0000 	CU tricing Cs frm _CPU8 o ncp_id2.
[  .00000RC: Adjusting gomry f ru_fanutleaf=2,r_cpid=2
  0.0000] R_IR:204 nirs:44016
[  .0000] CosolecoouVG+ x2
[  00000 conol[tty eable
[   0.000] coso [tyS0] enabled
[    0.00000] alocted0457byesf age_t
[    0.000000] tsc: Detected 2194.922 MHz processor
[   24.569072] Calibrating delay loop (skipped) preset value.. 4389.84 BogoMIPS (lpj=8779688)
[   24.727116] pid_max: default: 32768 minimum: 301
[   24.801028] ACPI: Core revision 20150930
[   24.840030] ACPI: 2 ACPI AML tables successfully acquired and loaded
[   24.956897] Security Framework initialized
[   25.032991] Yama: becoming mindful.
[   25.095975] AppArmor: AppArmor initialized
[   25.169080] Mount-cache hash table entries: 2048 (order: 1, 8192 bytes)
[   25.283702] Mountpoint-cache hash table entries: 2048 (order: 1, 8192 bytes)
[   25.458914] Initializing cgroup subsys io
[   25.587031] Initializing cgroup subsys memory
[   25.725679] Initializing cgroup subsys devices
[   25.793464] Initializing cgroup subsys freezer
[   25.801861] Initializing cgroup subsys net_cls
[   25.857142] Initializing cgroup subsys perf_event
[   25.943109] Initializing cgroup subsys net_prio
[   25.997552] Initializing cgroup subsys hugetlb
[   26.005366] Initializing cgroup subsys pids
[   26.063612] CPU: Physical Processor ID: 0
[   26.109631] CPU: Processor Core ID: 0
[   26.177135] mce: CPU supports 0 MCE banks
[   26.185200] Last level iTLB entries: 4KB 64, 2MB 8, 4MB 8
[   26.221270] Last level dTLB entries: 4KB 64, 2MB 0, 4MB 0, 1GB 4
[   26.335848] Freeing SMP alternatives memory: 28K
[   26.441618] ftrace: allocating 31441 entries in 62 pages
[   26.567471] smpboot: APIC(0) Converting physical 0 to logical package 0
[   26.780761] smpboot: Max logical packages: 1
[   26.925725] Enabling APIC mode:  Flat.  Using 1 I/O APICs
[   27.050564] ..TIMER: vector=0x30 apic1=0 pin1=2 apic2=-1 pin2=-1
[ 27.212969] smpboot: CPU0: Intel(R) Core(TM) i5-5200U CPU @ 2.20GHz (family: 0x6, model: 0x3d, stepping: 0x4)
[   27.496259] Performance Events: unsupported p6 CPU model 61 no PMU driver, software events only.
[   27.705617] KVM setup paravirtual spinlock
[   27.718035] x86: Booting SMP configuration:
[   27.720482] .... node  #0, CPUs:      #1
[1266874886.287731] Initializing CPU#1
[   27.767927] kvm-clock: cpu 1, msr 0:37bfd041, secondary cpu clock
[   27.772762] mce: CPU supports 0 MCE banks
[   27.777986] x86: Booted up 1 node, 2 CPUs
[   27.842623] smpboot: Total of 2 processors activated (8779.68 BogoMIPS)
[   28.019622] devtmpfs: initialized
[   28.108794] evm: security.selinux
[   28.197952] evm: security.SMACK64
[   28.243349] evm: security.SMACK64EXEC
[   28.252239] evm: security.SMACK64TRANSMUTE
[   28.280971] evm: security.SMACK64MMAP
[   28.313383] evm: security.ima
[   28.330478] evm: security.capability
[   28.401790] clocksource: jiffies: mask: 0xffffffff max_cycles: 0xffffffff, max_idle_ns: 7645041785100000 ns
[   28.573847] futex hash table entries: 512 (order: 3, 32768 bytes)
[   28.663698] pinctrl core: initialized pinctrl subsystem
[   28.732586] RTC time:  1:08:29, date: 01/09/18
[   28.756746] NET: Registered protocol family 16
[   28.815361] EISA bus registered
[   28.878057] cpuidle: using governor ladder
[   28.922111] cpuidle: using governor menu
[   28.930705] PCCT header not found.
[   28.932278] ACPI: bus type PCI registered
[   28.933821] acpiphp: ACPI Hot Plug PCI Controller Driver version: 0.5
[   28.936496] PCI : PCI BIOS area is rw and x. Use pci=nobios if you want it NX.
[   28.939223] PCI: PCI BIOS revision 2.10 entry at 0xfda26, last bus=0
[   28.941483] PCI: Using configuration type 1 for base access
[   28.958142] ACPI: Added _OSI(Module Device)
[   29.054585] ACPI: Added _OSI(Processor Device)
[   29.183965] ACPI: Added _OSI(3.0 _SCP Extensions)
[   29.335004] ACPI: Added _OSI(Processor Aggregator Device)
[   29.435891] ACPI: Executed 1 blocks of module-level executable AML code
[   29.540514] ACPI: Interpreter enabled
[   29.603085] ACPI: (supports S0 S5)
[   29.659520] ACPI: Using IOAPIC for interrupt routing
[   29.732281] PCI: Using host bridge windows from ACPI; if necessary, use "pci=nocrs" and report a bug
[   29.928621] ACPI: PCI Root Bridge [PCI0] (domain 0000 [bus 00-ff])
[   30.065198] acpi PNP0A03:00: _OSC: OS supports [ASPM ClockPM Segments MSI]
[   30.108777] acpi PNP0A03:00: _OSC failed (AE_NOT_FOUND); disabling ASPM
[   30.111275] acpi PNP0A03:00: fail to add MMCONFIG information, can't access extended PCI configuration space under this bridge.
[   30.115709] PCI host bridge to bus 0000:00
[   30.117290] pci_bus 0000:00: root bus resource [io  0x0000-0x0cf7 window]
[   30.119849] pci_bus 0000:00: root bus resource [io  0x0d00-0xffff window]
[   30.127399] pci_bus 0000:00: root bus resource [mem 0x000a0000-0x000bffff window]
[   30.130232] pci_bus 0000:00: root bus resource [mem 0x40000000-0xffdfffff window]
[   30.133072] pci_bus 0000:00: root bus resource [bus 00-ff]
[   30.139057] pci 0000:00:01.1: legacy IDE quirk: reg 0x10: [io  0x01f0-0x01f7]
[   30.141793] pci 0000:00:01.1: legacy IDE quirk: reg 0x14: [io  0x03f6]
[   30.144067] pci 0000:00:01.1: legacy IDE quirk: reg 0x18: [io  0x0170-0x0177]
[   30.146566] pci 0000:00:01.1: legacy IDE quirk: reg 0x1c: [io  0x0376]
[   30.182266] pci 0000:00:07.0: quirk: [io  0x4000-0x403f] claimed by PIIX4 ACPI
[   30.235251] pci 0000:00:07.0: quirk: [io  0x4100-0x410f] claimed by PIIX4 SMB
[   30.445026] ACPI: PCI Interrupt Link [LNKA] (IRQs 5 9 10 *11)
[   30.575008] ACPI: PCI Interrupt Link [LNKB] (IRQs 5 9 10 *11)
[   30.610031] ACPI: PCI Interrupt Link [LNKC] (IRQs 5 9 *10 11)
[   30.688947] ACPI: PCI Interrupt Link [LNKD] (IRQs 5 *9 10 11)
[   30.762475] ACPI: Enabled 2 GPEs in block 00 to 07
[   30.781622] vgaarb: setting as boot device: PCI:0000:00:02.0
[   30.897727] vgaarb: device added: PCI:0000:00:02.0,decodes=io+mem,owns=io+mem,locks=none
[   30.973072] vgaarb: loaded
[   31.001190] vgaarb: bridge control possible 0000:00:02.0
[   31.060108] SCSI subsystem initialized
[   31.073429] ACPI: bus type USB registered
[   31.119393] usbcore: registered new interface driver usbfs
[   31.197900] usbcore: registered new interface driver hub
[   31.261365] usbcore: registered new device driver usb
[   31.329830] PCI: Using ACPI for IRQ routing
[   31.403351] NetLabel: Initializing
[   31.466321] NetLabel:  domain hash size = 128
[   31.561280] NetLabel:  protocols = UNLABELED CIPSOv4
[   31.649432] NetLabel:  unlabeled traffic allowed by default
[   31.746135] amd_nb: Cannot enumerate AMD northbridges
[   31.839941] clocksource: Switched to clocksource kvm-clock
[   39638Aprm: AArr lest Ebled
   .561 p: P APIni
[ 32816] pnp: PnAC: un3 vis
  3.3337 PBI: saedy PINP
[ 34605]losoce ai_: sk 0xffffmacyes 0fff,axdlns207024s  5.76577]NET: Regstedproocl fail2
[  35251]CPstlied hash table entries: 8192 (order: 3, 32768 bytes)
[   36.063826] TCP bind hash table entries: 8192 (order: 4, 65536 bytes)
[   36.066152] TCP: Hash tables configured (established 8192 bind 8192)
[   36.068644] UDP hash table entries: 512 (order: 2, 16384 bytes)
[   36.070713] UDP-Lite hash table entries: 512 (order: 2, 16384 bytes)
[   36.076494] NET: Registered protocol family 1
[   36.078139] pci 0000:00:00.0: Limiting direct PCI/PCI transfers
[   36.081794] pci 0000:00:01.0: Activating ISA DMA hang workarounds
[   36.085666] Unpacking initramfs...

[   38.270009] Freeing initrd memory: 10748K
[   38.338313] RAPL PMU detected, API unit is 2^-32 Joules, 4 fixed counters 10737418240 ms ovfl timer
[   38.532943] hw unit of domain pp0-core 2^-0 Joules
[   38.659938] hw unit of domain package 2^-0 Joules
[   38.813703] hw unit of domain dram 2^-0 Joules
[   38.845178] hw unit of domain pp1-gpu 2^-0 Joules
[   38.905830] platform rtc_cmos: registered platform RTC device (no PNP device found)
[   38.974609] Scanning for low memory corruption every 60 seconds
[   39.037385] audit: initializing netlink subsys (disabled)
[   39.128805] audit: type=2000 audit(1515460093.503:1): initialized
[   39.193112] Initialise system trusted keyring
[   39.243465] HugeTLB registered 2 MB page size, pre-allocated 0 pages
[   39.263784] zbud: loaded
[   3.288914] FSDik quasquot_6.
[ 39729]FS: uocache hash tblenie 1024(oer, 96yt)[   .515 t: Rin T cocoue liatn:1917MH
[   41.402865] clocksource: tsc: mask: 0xffffffffffffffff max_cycles: 0x1fa0b3282ad, max_idle_ns: 440795220799 ns
[   41.403226] squashfs: version 4.0 (2009/01/31) Phillip Lougher
[   41.403455] fuse init (API version 7.23)
[   41.4016Ke typbikerested
[   41.403639] Allocating IMA MOK and blacklist keyrings.
[   41.403867] Key type asymmetric registered
[   41.403873] Asymmetric key parser 'x509' registered
[   41.403890] bounce: pool size: 64 pages
[   41.403923] Block layer SCSI generic (bsg) driver version 0.4 loaded (major 249)
[   41.403964] io scheduler noop registered
[   41.403966] io scheduler deadline registered (default)
[   41.403999] io scheduler cfq registered
[   41.404141] pci_hotplug: PCI Hot Plug PCI Core version: 0.5
[   41.404146] pciehp: PCI Express Hot Plug Controller Driver version: 0.4
[   41.404272] ACPI: AC Adapter [AC] (on-line)
[   41.404326] input: Power Button as /devices/LNXSYSTM:00/LNXPWRBN:00/input/input0
[   41.404329] ACPI: Power Button [PWRF]
[   41.404397] input: Sleep Button as /devices/LNXSYSTM:00/LNXSLPBN:00/input/input1
[   41.404399] ACPI: Sleep Button [SLPF]
[   41.404543] GHES: HEST is not enabled!
[   41.405285] ACPI: Battery Slot [BAT0] (battery present)
[   41.405311] isapnp: Scanning for PnP cards...
[   41.410907] Serial: 8250/16550 driver, 32 ports, IRQ sharing enabled
[   41.433132] 00:02: ttyS0 at I/O 0x3f8 (irq = 4, base_baud = 115200) is a 16550A
[   42.228243] isapnp: No Plug & Play device found
[   42.230488] Linux agpgart interface v0.103
[   42.280140] loop: module loaded
[   42.280918] scsi host0: ata_piix
[   42.280998] scsi host1: ata_piix
[   42.281046] ata1: PATA max UDMA/33 cmd 0x1f0 ctl 0x3f6 bmdma 0xd000 irq 14
[   42.281048] ata2: PATA max UDMA/33 cmd 0x170 ctl 0x376 bmdma 0xd008 irq 15
[   42.281154] libphy: Fixed MDIO Bus: probed
[   42.281157] tun: Universal TUN/TAP device driver, 1.6
[   42.281158] tun: (C) 1999-2004 Max Krasnyansky <maxk@qualcomm.com>
[   42.281547] PPP generic driver version 2.4.2
[   42.281625] ehci_hcd: USB 2.0 'Enhanced' Host Controller (EHCI) Driver
[   42.281630] ehci-pci: EHCI PCI platform driver
[   42.281651] ehci-platform: EHCI generic platform driver
[   42.281662] ohci_hcd: USB 1.1 'Open' Host Controller (OHCI) Driver
[   42.281667] ohci-pci: OHCI PCI platform driver
[   42.281692] ohci-platform: OHCI generic platform driver
[   42.281704] uhci_hcd: USB Universal Host Controller Interface driver
[   42.281784] i8042: PNP: PS/2 Controller [PNP0303:PS2K,PNP0f03:PS2M] at 0x60,0x64 irq 1,12
[   42.282393] serio: i8042 KBD port at 0x60,0x64 irq 1
[   42.282398] serio: i8042 AUX port at 0x60,0x64 irq 12
[   42.282540] mousedev: PS/2 mouse device common for all mice
[   42.283018] input: AT Translated Set 2 keyboard as /devices/platform/i8042/serio0/input/input2
[   42.283505] rtc_cmos rtc_cmos: rtc core: registered rtc_cmos as rtc0
[   42.283584] rtc_cmos rtc_cmos: alarms up to one day, 114 bytes nvram
[   42.283594] i2c /dev entries driver
[   42.283775] device-mapper: uevent: version 1.0.3
[   42.283856] device-mapper: ioctl: 4.34.0-ioctl (2015-10-28) initialised: dm-devel@redhat.com
[   42.283889] platform eisa.0: Probing EISA bus 0
[   42.283891] platform eisa.0: EISA: Cannot allocate resource for mainboard
[   42.283893] platform eisa.0: Cannot allocate resource for EISA slot 1
[   42.283894] platform eisa.0: Cannot allocate resource for EISA slot 2
[   42.283895] platform eisa.0: Cannot allocate resource for EISA slot 3
[   42.283897] platform eisa.0: Cannot allocate resource for EISA slot 4
[   42.283898] platform eisa.0: Cannot allocate resource for EISA slot 5
[   42.283899] platform eisa.0: Cannot allocate resource for EISA slot 6
[   42.283900] platform eisa.0: Cannot allocate resource for EISA slot 7
[   42.283902] platform eisa.0: Cannot allocate resource for EISA slot 8
[   42.283903] platform eisa.0: EISA: Detected 0 cards
[   42.283919] cpufreq-nforce2: No nForce2 chipset.
[   42.283933] ledtrig-cpu: registered to indicate activity on CPUs
[   42.284301] NET: Registered protocol family 10
[   42.284871] NET: Registered protocol family 17
[   42.284884] Key type dns_resolver registered
[   42.346593] microcode: CPU0 sig=0x306d4, pf=0x40, revision=0x0
[   42.346619] microcode: CPU1 sig=0x306d4, pf=0x40, revision=0x0
[   42.346729] microcode: Microcode Update Driver: v2.01 <tigran@aivazian.fsnet.co.uk>, Peter Oruba
[   42.346747] Using IPI No-Shortcut mode
[   42.346896] registered taskstats version 1
[   42.346918] Loading compiled-in X.509 certificates
[   42.349784] Loaded X.509 cert 'Build time autogenerated kernel key: 61680777b0781d919fde26ef1e45786ce4ad0574'
[   42.349806] zswap: loaded using pool lzo/zbud
[   42.351338] Key type trusted registered
[   42.354836] Key type encrypted registered
[   42.354843] AppArmor: AppArmor sha1 policy hashing enabled
[   42.354855] ima: No TPM chip found, activating TPM-bypass!
[   42.354877] evm: HMAC attrs: 0x1
[   42.355221]   Magic number: 2:810:103
[   42.437727] rtc_cmos rtc_cmos: setting system clock to 2018-01-09 01:08:42 UTC (1515460122)
[   42.437899] BIOS EDD facility v0.16 2004-Jun-25, 0 devices found
[   42.437900] EDD information not available.
[   47.877074] Freeing unused kernel memory: 940K
[   47.993073] Write protecting the kernel text: 7972k
[   48.123059] Write protecting the kernel read-only data: 3172k
[   48.209786] NX-protecting the kernel data: 6364k
Loading, please [   48.317566] random: systemd-udevd: uninitialized urandom read (16 bytes read, 6 bits of entropy available)
wait...
startin[   48.318365] random: udevadm: uninitialized urandom read (16 bytes read, 6 bits of entropy available)
g version 229
[   48.331086] random: udevadm: uninitialized urandom read (16 bytes read, 6 bits of entropy available)
[   48.331127] random: udevadm: uninitialized urandom read (16 bytes read, 6 bits of entropy available)
[   48.331261] random: udevadm: uninitialized urandom read (16 bytes read, 6 bits of entropy available)
[   48.331311] random: udevadm: uninitialized urandom read (16 bytes read, 6 bits of entropy available)
[   48.331361] random: udevadm: uninitialized urandom read (16 bytes read, 6 bits of entropy available)
[   48.331416] random: udevadm: uninitialized urandom read (16 bytes read, 6 bits of entropy available)
[   48.331492] random: udevadm: uninitialized urandom read (16 bytes read, 6 bits of entropy available)
[   48.331541] random: udevadm: uninitialized urandom read (16 bytes read, 6 bits of entropy available)
[   49.878923] e1000: Intel(R) PRO/1000 Network Driver - version 7.3.21-k8-NAPI
[   50.016713] e1000: Copyright (c) 1999-2006 Intel Corporation.
[   50.200490] Fusion MPT base driver 3.04.20
[   50.315010] Copyright (c) 1999-2008 LSI Corporation
[   50.482389] Fusion MPT SPI Host driver 3.04.20
[   50.649854] input: ImExPS/2 Generic Explorer Mouse as /devices/platform/i8042/serio1/input/input4
[   50.864716] e1000 0000:00:03.0 eth0: (PCI:33MHz:32-bit) 02:57:70:43:80:c6
[   51.071400] e1000 0000:00:03.0 eth0: Intel(R) PRO/1000 Network Connection
[   51.544128] e1000 0000:00:08.0 eth1: (PCI:33MHz:32-bit) 08:00:27:75:42:50
[   51.622958] e1000 0000:00:08.0 eth1: Intel(R) PRO/1000 Network Connection
[   51.633531] mptbase: ioc0: Initiating bringup
[   51.633819] e1000 0000:00:08.0 enp0s8: renamed from eth1
[   51.753495] e1000 0000:00:03.0 enp0s3: renamed from eth0
[   52.170744] ioc0: LSI53C1030 A0: Capabilities={Initiator}
[   53.027894] floppy0: no floppy controllers found
[   54.317605] scsi host2: ioc0: LSI53C1030 A0, FwRev=00000000h, Ports=1, MaxQ=256, IRQ=20
[   54.561101] scsi 2:0:0:0: Direct-Access     VBOX     HARDDISK         1.0  PQ: 0 ANSI: 5
[   54.724227] scsi target2:0:0: Beginning Domain Validation
[   54.784857] scsi target2:0:0: Domain Validation skipping write tests
[   54.895868] scsi target2:0:0: Ending Domain Validation
[   54.965521] scsi target2:0:0: asynchronous
[   55.023792] scsi 2:0:1:0: Direct-Access     VBOX     HARDDISK         1.0  PQ: 0 ANSI: 5
[   55.112105] scsi target2:0:1: Beginning Domain Validation
[   55.180657] scsi target2:0:1: Domain Validation skipping write tests
[   55.227449] scsi target2:0:1: Ending Domain Validation
[   55.292031] scsi target2:0:1: asynchronous
[   55.379350] sd 2:0:0:0: Attached scsi generic sg0 type 0
[   55.384895] sd 2:0:0:0: [sda] 20971520 512-byte logical blocks: (10.7 GB/10.0 GiB)
[   55.718740] sd 2:0:0:0: [sda] Write Protect is off
[   55.718940] sd 2:0:1:0: [sdb] 20480 512-byte logical blocks: (10.5 MB/10.0 MiB)
[   55.719080] sd 2:0:1:0: [sdb] Write Protect is off
[   55.719166] sd 2:0:1:0: [sdb] Incomplete mode parameter data
[   55.719167] sd 2:0:1:0: [sdb] Assuming drive cache: write through
[   55.742892] sd 2:0:1:0: [sdb] Attached SCSI disk
[   55.788815] sd 2:0:1:0: Attached scsi generic sg1 type 0
[   56.072681] sd 2:0:0:0: [sda] Incomplete mode parameter data
[   56.141588] sd 2:0:0:0: [sda] Assuming drive cache: write through
[   56.198582]  sda: sda1
[   56.222647] sd 2:0:0:0: [sda] Attached SCSI disk
Begin: Loading e[   57.694448] md: linear personality registered for level -1
ssential drivers[   57.866705] md: multipath personality registered for level -4
 ... [   57.994791] md: raid0 personality registered for level 0
[   58.111362] md: raid1 personality registered for level 1
[   58.292209] raid6: mmxx1    gen()  4634 MB/s
[   58.428232] raid6: mmxx2    gen()  4744 MB/s
[   58.580249] raid6: sse1x1   gen()  3946 MB/s
[   58.648308] raid6: sse1x2   gen()  3354 MB/s
[   58.808275] raid6: sse2x1   gen()  5253 MB/s
[   58.972152] raid6: sse2x1   xor()  3998 MB/s
[   59.116379] raid6: sse2x2   gen()  9606 MB/s
[   59.236118] raid6: sse2x2   xor()  6270 MB/s
[   59.268372] raid6: using algorithm sse2x2 gen() 9606 MB/s
[   59.340259] raid6: .... xor() 6270 MB/s, rmw enabled
[   59.342057] raid6: using ssse3x1 recovery algorithm
[   59.424101] xor: automatically using best checksumming function:
[   59.524388]    avx       : 18949.000 MB/sec
[   59.637956] async_tx: api initialized (async)
[   59.751710] md: raid6 personality registered for level 6
[   59.850453] md: raid5 personality registered for level 5
[   59.907130] md: raid4 personality registered for level 4
[   60.005532] md: raid10 personality registered for level 10
done.
Begin: Running /scripts/init-premount ... done[   60.069559] Btrfs loaded
.
Begin: Mounting root file system ... Begin: Running /scripts/local-top ... done.
Begin: Running /scripts/local-premount ... [   60.269994] EXT4-fs (sda1): INFO: recovery required on readonly filesystem
Scanning for Btr[   60.450192] EXT4-fs (sda1): write access will be enabled during recovery
fs filesystems
done.
Warning: fsck not present, so skipping root file system
[   60.492381] EXT4-fs (sda1): recovery complete
[   61.462267] EXT4-fs (sda1): mounted filesystem with ordered data mode. Opts: (null)
done.
Begin: Running /scripts/local-bottom ... done.
Begin: Running /scripts/init-bottom ... done.
[   63.694531] random: nonblocking pool is initialized
[   64.077594] systemd[1]: systemd 229 running in system mode. (+PAM +AUDIT +SELINUX +IMA +APPARMOR +SMACK +SYSVINIT +UTMP +LIBCRYPTSETUP +GCRYPT +GNUTLS +ACL +XZ -LZ4 +SECCOMP +BLKID +ELFUTILS +KMOD -IDN)
[   64.375877] systemd[1]: Detected virtualization oracle.
[   64.463462] systemd[1]: Detected architecture x86.

Welcome to [1mUbuntu 16.04.3 LTS[0m!

[   64.666555] systemd[1]: Set hostname to <ubuntu-xenial>.
[   65.404764] systemd[1]: Listening on Journal Socket.
[[0;32m  OK  [0m] Listening on Journal Socket.
[   65.540389] systemd[1]: Listening on LVM2 poll daemon socket.
[[0;32m  OK  [0m] Listening on LVM2 poll daemon socket.
[   65.712452] systemd[1]: Listening on udev Control Socket.
[[0;32m  OK  [0m] Listening on udev Control Socket.
[   65.740529] systemd[1]: Listening on Journal Audit Socket.
[[0;32m  OK  [0m] Listening on Journal Audit Socket.
[   65.896454] systemd[1]: Reached target User and Group Name Lookups.
[[0;32m  OK  [0m] Reached target User and Group Name Lookups.
[   65.976925] systemd[1]: Created slice User and Session Slice.
[[0;32m  OK  [0m] Created slice User and Session Slice.
[   66.144526] systemd[1]: Listening on /dev/initctl Compatibility Named Pipe.
[[0;32m  OK  [0m] Listening on /dev/initctl Compatibility Named Pipe.
[   66.376514] systemd[1]: Started Forward Password Requests to Wall Directory Watch.
[[0;32m  OK  [0m] Started Forward Password Requests to Wall Directory Watch.
[   66.680831] systemd[1]: Created slice System Slice.
[[0;32m  OK  [0m] Created slice System Slice.
[   66.872107] systemd[1]: Starting Create list of required static device nodes for the current kernel...
         Starting Create list of required st... nodes for the current kernel...
[   67.064094] systemd[1]: Mounting Debug File System...
         Mounting Debug File System...
[   67.192265] systemd[1]: Starting Remount Root and Kernel File Systems...
         Starting Remount Root and Kernel File Systems...
[   67.376134] EXT4-fs (sda1): re-mounted. Opts: (null)
[   67.564186] systemd[1]: Starting Load Kernel Modules...
         Starting Load Ke[   67.672420] Loading iSCSI transport class v2.0-870.
rnel Modules...
[   67.756649] systemd[1]: Reached target Slices.
[[0;32m  OK  [0m] Reached target Slices.
[   67.760184] iscsi: registered transport (tcp)
[   68.864122] systemd[1]: Mounting Huge Pages File System...
         Mounting Huge Pages File System...
[   68.869392] systemd[1]: Listening on Device-mapper event daemon FIFOs.
[[0;32m  OK  [0m] Listening on Device-mapper event daemon FIFOs.
[   68.874459] systemd[1]: Listening on Syslog Socket.
[[0;32m  OK  [0m] Listening on Syslog Socket.
[   68.901909] systemd[1]: Reached target Swap.
[[0;32m  OK  [0m] Reached target Swap.
[   68.932551] systemd[1]: Created slice system-serial\x2dgetty.slice.
[   69.028499] iscsi: registered transport (iser)
[[0;32m  OK  [0m] Created slice system-serial\x2dgetty.slice.
[   70.256530] systemd[1]: Starting Set console keymap...
         Starting Set console keymap...
[   70.424479] systemd[1]: Listening on Journal Socket (/dev/log).
[[0;32m  OK  [0m] Listening on Journal Socket (/dev/log).
[   70.600483] systemd[1]: Starting Uncomplicated firewall...
         Starting Uncomplicated firewall...
[   70.713367] systemd[1]: Listening on udev Kernel Socket.
[[0;32m  OK  [0m] Listening on udev Kernel Socket.
[   70.748584] systemd[1]: Starting Journal Service...
         Starting Journal Service...
[   70.912276] systemd[1]: Started Trigger resolvconf update for networkd DNS.
[[0;32m  OK  [0m] Started Trigger resolvconf update for networkd DNS.
[   71.124571] systemd[1]: Reached target Encrypted Volumes.
[[0;32m  OK  [0m] Reached target Encrypted Volumes.
[   71.308578] systemd[1]: Starting Nameserver information manager...
         Starting Nameserver information manager...
[   71.444115] systemd[1]: Mounting POSIX Message Queue File System...
         Mounting POSIX Message Queue File System...
[   71.498478] systemd[1]: Set up automount Arbitrary Executable File Formats File System Automount Point.
[[0;32m  OK  [0m] Set up automount Arbitrary Executab...ats File System Automount Point.
[   71.880206] systemd[1]: Listening on LVM2 metadata daemon socket.
[[0;32m  OK  [0m] Listening on LVM2 metadata daemon socket.
[   72.132737] systemd[1]: Starting Monitoring of LVM2 mirrors, snapshots etc. using dmeventd or progress polling...
         Starting Monitoring of LVM2 mirrors... dmeventd or progress polling...
[   72.284914] systemd[1]: Mounted Debug File System.
[[0;32m  OK  [0m] Mounted Debug File System.
[   72.320530] systemd[1]: Mounted POSIX Message Queue File System.
[[0;32m  OK  [0m] Mounted POSIX Message Queue File System.
[   72.496258] systemd[1]: Mounted Huge Pages File System.
[[0;32m  OK  [0m] Mounted Huge Pages File System.
[   72.664388] systemd[1]: Started Journal Service.
[[0;32m  OK  [0m] Started Journal Service.
[[0;32m  OK  [0m] Started Create list of required sta...ce nodes for the current kernel.
[[0;32m  OK  [0m] Started Remount Root and Kernel File Systems.
[[0;32m  OK  [0m] Started Load Kernel Modules.
[[0;32m  OK  [0m] Started Set console keymap.
[[0;32m  OK  [0m] Started Uncomplicated firewall.
[[0;32m  OK  [0m] Started Nameserver information manager.
[[0;32m  OK  [0m] Started LVM2 metadata daemon.
         Starting Apply Kernel Variables...
         Mounting FUSE Control File System...
         Starting udev Coldplug all Devices...
         Starting Initial cloud-init job (pre-networking)...
         Starting Load/Save Random Seed...
         Starting Create Static Device Nodes in /dev...
         Starting Flush Journal to Persistent Storage...
[[0;32m  OK  [0m] Mounted FUSE Control File System.
[[0;32m  OK  [0m] Started Apply Kernel Variables.
[[0;32m  OK  [0m] Started Monitoring of LVM2 mirrors,...ng dmeventd or progress polling.
[[0;32m  OK  [0m] Started Load/Save Random Seed.
[[0;32m  OK  [0m] Started Create Static Device Nodes in /dev.
[[0;32m  OK  [0m] Started udev Coldplug all Devices.
[[0;32m  OK  [0m] Started Flush Journal to Persistent Storage.
         Starting udev Kernel Device Manager...
[[0;32m  OK  [0m] Started udev Kernel Device Manager.
[[0;32m  OK  [0m] Reached target Local File Systems (Pre).
[[0;32m  OK  [0m] Reached target Local File Systems.
         Starting Tell Plymouth To Write Out Runtime Data...
         Starting Create Volatile Files and Directories...
         Starting Set console font and keymap...
         Starting LSB: AppArmor initialization...
[[0;32m  OK  [0m] Started Dispatch Password Requests to Console Directory Watch.
[[0;32m  OK  [0m] Started Tell Plymouth To Write Out Runtime Data.
[[0;32m  OK  [0m] Started Create Volatile Files and Directories.
[[0;32m  OK  [0m] Found device /dev/ttyS0.
         Starting Update UTMP about System Boot/Shutdown...
[[0;32m  OK  [0m] Reached target System Time Synchronized.
[[0;32m  OK  [0m] Found device 82540EM Gigabit Ethern...r (PRO/1000 MT Desktop Adapter).
[[0;32m  OK  [0m] Started Update UTMP about System Boot/Shutdown.
[[0;32m  OK  [0m] Found device 82540EM Gigabit Ethern...r (PRO/1000 MT Desktop Adapter).
[[0;32m  OK  [0m] Started Set console font and keymap.
[[0;32m  OK  [0m] Started LSB: AppArmor initialization.
[[0;32m  OK  [0m] Listening on Load/Save RF Kill Switch Status /dev/rfkill Watch.
[[0;32m  OK  [0m] Created slice system-getty.slice.
[   45.590759] cloud-init[450]: Cloud-init v. 17.1 running 'init-local' at Tue, 09 Jan 2018 01:09:16 +0000. Up 45.07 seconds.
[[0;32m  OK  [0m] Started Initial cloud-init job (pre-networking).
[[0;32m  OK  [0m] Reached target Network (Pre).
[[0;32m  OK  [0m] Started ifup for enp0s3.
         Starting Raise network interfaces...
[[0;32m  OK  [0m] Started ifup for enp0s8.
[[0;32m  OK  [0m] Started Raise network interfaces.
[[0;32m  OK  [0m] Reached target Network.
         Starting Initial cloud-init job (metadata service crawler)...
[   48.030589] cloud-init[1052]: Cloud-init v. 17.1 running 'init' at Tue, 09 Jan 2018 01:09:18 +0000. Up 47.34 seconds.
[   48.184779] cloud-init[1052]: ci-info: ++++++++++++++++++++++++++++++++++++++Net device info++++++++++++++++++++++++++++++++++++++
[   48.348803] cloud-init[1052]: ci-info: +--------+------+-----------------------------+---------------+-------+-------------------+
[[0;32m  OK  [0m] Started Initial cloud-init job (metadata service crawler).
[[0;32m  OK  [0m] Reached target Cloud-config availability.
[[0;32m  OK  [0m] Reached target Network is Online.
[   48.499520] cloud-init[1052]: ci-info: | Device |  Up  |           Address           |      Mask     | Scope |     Hw-Address    |
[   48.912854]          cloud-initStarting iSCSI initiator daemon (iscsid)...[1052]: 
ci-info: +--------+------+-----------------------------+---------------+-------+-------------------+
[   49.119186] cloud-init[1052]: ci-info: | enp0s3 | True |          10.0.2.15          | 255.255.255.0 |   .   | 02:57:70:43:80:c6 |[[0;32m  OK  [0m] Reached target System Initialization.
[[0;32m  OK  [0m] Listening on ACPID Listen Socket.

[   49.126384] cloud-init[1052]: ci-info: | enp0s3 | True |  fe80::57:70ff:fe43:80c6/64 |       .       |  link | 02:57:70:43:80:c6 |
[   49.130772] cloud-init[1052]: ci-info: | enp0s8 | True |       192.168.195.165       | 255.255.255.0 |   .   | 08:00:27:75:42:50 |
[   49.135013] cloud-init[1052]: ci-info: | enp0s8 | True | fe80::a00:27ff:fe75:4250/64 |       .       |  link | 08:00:27:75:42:50 |
[   49.139391] cloud-init[1052]: ci-info: |   lo   | True |          127.0.0.1          |   255.0.0.0   |   .   |         .         |
[   49.268922] [cloud-init[0;32m  OK  [0m[1052]: ] ci-info: |   lo   | True |           ::1/128           |       .       |  host |         .         |Started Timer to automatically refresh installed snaps.

[   49.269752] cloud-init[1052]: ci-info: +--------+------+-----------------------------+---------------+-------+-------------------+
[   49.636389] [cloud-init[0;32m  OK  [0m[1052]: ] ci-info: ++++++++++++++++++++++++++++Route IPv4 info+++++++++++++++++++++++++++++Started ACPI Events Check.

[   49.636851] [[0;32m  OK  [0m] Reached target Paths.
cloud-init[1052]: ci-info: +-------+---------------+----------+---------------+-----------+-------+[
[0;32m  OK  [0m] Listening on UUID daemon activation socket.
[   49.825691] cloud-init[1052]: ci-info: | Route |  Destination  | Gateway  |    Genmask    | Interface | Flags |
[   50.145261]          Starting LXD - unix socket.
[[0;32m  OK  [0m] Started Daily apt download activities.
[[0;32m  OK  [0m] Started Daily apt upgrade and clean activities.
cloud-init[1052]: ci-info: +-------+---------------+----------+---------------+-----------+-------+
[[0;32m  OK  [0m] Started Daily Cleanup of Temporary Directories.
[   50.161179] [cloud-init[1052]: ci-info: |   0   |    0.0.0.0    | 10.0.2.2 |    0.0.0.0    |   enp0s3  |   UG  |
[0;32m  OK  [0m] Reached target Timers.
         Starting Socket activation for snappy daemon.
[[0;32m  OK  [0m] Listening on D-Bus System Message Bus Socket.
[   50.337321] cloud-init[1052]: ci-info: |   1   |    10.0.2.0   | 0.0.0.0  | 255.255.255.0 |   enp0s3  |   U   |
[[0;32m  OK  [0m] Listening on LXD - unix socket.
[[0;32m  OK  [0m] Listening on Socket activation for snappy daemon.
[[   50.768919] [0;32m  OK  [0mcloud-init] [1052]: Started iSCSI initiator daemon (iscsid).ci-info: |   2   | 192.168.195.0 | 0.0.0.0  | 255.255.255.0 |   enp0s8  |   U   |

[   50.830906] cloud-init[1052]: ci-info: +-------+---------------+----------+---------------+-----------+-------+
         Starting Login to default iSCSI targets...
[[0;32m  OK  [0m] Reached target Sockets.
[[0;32m  OK  [0m] Reached target Basic System.
         Starting A high performance web server and a reverse proxy server...
[[0;32m  OK  [0m] Started Regular background program processing daemon.
         Starting The PHP 7.0 FastCGI Process Manager...
[[0;32m  OK  [0m] Started FUSE filesystem for LXC.
[[0;32m  OK  [0m] Started ACPI event daemon.
         Starting LSB: Record successful boot for GRUB...
[[0;32m  OK  [0m] Started Deferred execution scheduler.
         Starting LSB: MD monitoring daemon...
         Starting Snappy daemon...
         Starting System Logging Service...
[[0;32m  OK  [0m] Started D-Bus System Message Bus.
         Starting Apply the settings specified in cloud-config...
         Starting Accounts Service...
         Starting /etc/rc.local Compatibility...
         Starting OpenBSD Secure Shell server...
         Starting MySQL Community Server...
[[0;32m  OK  [0m] Started Unattended Upgrades Shutdown.
         Starting Login Service...
         Starting LXD - container startup/shutdown...
[[0;32m  OK  [0m] Started System Logging Service.
[[0;32m  OK  [0m] Started /etc/rc.local Compatibility.
[[0;32m  OK  [0m] Started A high performance web server and a reverse proxy server.
[[0;32m  OK  [0m] Started OpenBSD Secure Shell server.
[[0;32m  OK  [0m] Started Snappy daemon.
[   53.474897] cloud-init[1155]: Cloud-init v. 17.1 running 'modules:config' at Tue, 09 Jan 2018 01:09:24 +0000. Up 52.94 seconds.
[[0;32m  OK  [0m] Started Login Service.
[[0;32m  OK  [0m] Started LSB: Record successful boot for GRUB.
[[0;32m  OK  [0m] Started LSB: MD monitoring daemon.
[[0;32m  OK  [0m] Started Apply the settings specified in cloud-config.
[[0;32m  OK  [0m] Started Login to default iSCSI targets.
[[0;32m  OK  [0m] Reached target Remote File Systems (Pre).
[[0;32m  OK  [0m] Reached target Remote File Systems.
         Starting LSB: automatic crash report generation...
         Starting LSB: daemon to balance interrupts for SMP systems...
         Starting LSB: Set the CPU Frequency Scaling governor to "ondemand"...
         Starting LSB: VirtualBox Linux Additions...
         Starting Permit User Sessions...
         Starting Authenticate and Authorize Users to Run Privileged Tasks...
[[0;32m  OK  [0m] Started LXD - container startup/shutdown.
[[0;32m  OK  [0m] Started Permit User Sessions.
[[0;32m  OK  [0m] Started The PHP 7.0 FastCGI Process Manager.
[[0;32m  OK  [0m] Started Authenticate and Authorize Users to Run Privileged Tasks.
[[0;32m  OK  [0m] Started Accounts Service.
[[0;32m  OK  [0m] Started LSB: Set the CPU Frequency Scaling governor to "ondemand".
[[0;32m  OK  [0m] Started LSB: automatic crash report generation.
[[0;32m  OK  [0m] Started LSB: daemon to balance interrupts for SMP systems.
         Starting Terminate Plymouth Boot Screen...
         Starting Hold until boot process finishes up...
[[0;32m  OK  [0m] Started Terminate Plymouth Boot Screen.
[[0;32m  OK  [0m] Started Hold until boot process finishes up.
         Starting Set console scheme...
[[0;32m  OK  [0m] Started Serial Getty on ttyS0.
[[0;32m  OK  [0m] Started Getty on tty1.
[[0;32m  OK  [0m] Reached target Login Prompts.
[[0;32m  OK  [0m] Started LSB: VirtualBox Linux Additions.
[[0;32m  OK  [0m] Started Set console scheme.
[[0;32m  OK  [0m] Started MySQL Community Server.
[[0;32m  OK  [0m] Reached target Multi-User System.
[[0;32m  OK  [0m] Reached target Graphical Interface.
         Starting Execute cloud user/final scripts...
         Starting Update UTMP about System Runlevel Changes...
[[0;32m  OK  [0m] Started Update UTMP about System Runlevel Changes.
[   57.137725] cloud-init[1351]: Cloud-init v. 17.1 running 'modules:final' at Tue, 09 Jan 2018 01:09:28 +0000. Up 56.91 seconds.
[[0;32m  OK  [0m] Started Execute cloud user/final scripts.
[   57.279662] cloud-init[1351]: Cloud-init v. 17.1 finished at Tue, 09 Jan 2018 01:09:28 +0000. Datasource DataSourceNoCloud [seed=/dev/sdb][dsmode=net].  Up 57.12 seconds[[0;32m  OK  [0m] Reached target Cloud-init target.

         Starting Daily apt download activities...
[[0;32m  OK  [0m] Created slice User Slice of ubuntu.
         Starting User Manager for UID 1000...
[[0;32m  OK  [0m] Started Session 1 of user ubuntu.
[[0;32m  OK  [0m] Started User Manager for UID 1000.

Ubuntu 16.04.3 LTS ubuntu-xenial ttyS0

ubuntu-xenial login: 