[   0.0000] Inializi cgrupsubss puse
[   .00000 Inializg cgou sbss pu
[  0.0000]Intialzig crop subys cpuact
[   .00000] inuxersin .4.-19-gneic (buiddlgw0amd64-035 (cc vesin 5.4. 2160609(Uuntu 54.-6uunu1~16..5) )#12-Ubuntu SMPTue Jan 91952:07 TC201 (bunt 44.0-109.132-generic4..98)
[   0.0000KERNL upportd pus
    000000]   Iel GeuieIntel
   0.0000]   AD uthenticAD
[   000000]   SCGeode y SC[    .00000]  Crix Cyrixnstea
    0.0000]   enaur CetarHaus
[   .000000]   Tnsmet GnuieTx86
[    .00000]  Transme TranmeaCPU
   0.0000]   UC MC UMCMC
[   .000000] x8/fu: xstate_ffet[2]:  576, xstate_sizes[2]:  256
[    0.000000] x86/fpu: Supporting XSAVE feature 0x01: 'x87 floating point registers'
[    0.000000] x86/fpu: Supporting XSAVE feature 0x02: 'SSE registers'
[    0.000000] x86/fpu: Supporting XSAVE feature 0x04: 'AVX registers'
[    0.000000] x86/fpu: Enabled xstate features 0x7, context size is 832 bytes, using 'standard' format.
[    0.000000] x86/fpu: Using 'lazy' FPU context switches.
[    0.000000] e820: BIOS-provided physical RAM map:
[    0.000000] BIOS-e820: [mem 0x0000000000000000-0x000000000009fbff] usable
[    0.000000] BIOS-e820: [me 0x000000000009fc00-0x000000000009ffff] reserved
[    0.000000] BIOS-e820: [mem 0x00000000000f0000-0x00000000000fffff] reerved
[    0.000000] BIOS-e820: [mem 0x0000000000100000-0x000000003ffeffff] usable
[    0.000000] BIOS-e820: [mem 0x000000003fff0000-0x000000003fffffff] ACPI data
[    0.000000] BIOS-e820: [mem 0x00000000fffc0000-0x00000000ffffffff] reserved
[    0.000000] NX (Exete Disable) protection: active
[    0.000000] SMBIOS 2.5 present.
[    0.000000] Hypervisor detected: KVM
[    0.000000] e820: last_pfn = 0x3fff0 max_arch_pfn = 0x1000000
[    0.000000] MTRR: Disabled
[    0.000000] x86/PAT: MTRRs disabled, skipping PAT initialization too.
[    0.000000] CPU MTRRs all blank - virtualized system.
[    0.000000] x86/PAT: Configuration [0-7]: WB  WT  UC- UC  WB  WT  UC- UC  
[    0.000000] found SMP MP-table at [mem 0x0009fff0-0x0009ffff] mapped at [c009fff0]
[    0.000000] Scanning 1 areas for low memory corruption
[    0.000000] RAMISK: [mem 0x3635a000-0x371a4fff]
[    0.000000] ACPI: Early table checksum verification disabled
[    0.000000] ACPI: RSDP 0x00000000000E0000 000024 (v02 VBOX  )
[    0.000000] ACPI: XSDT 0x000000003FFF0030 00003C (v01 VBOX   VBOXXSDT 00000001 ASL  00000061)
[    0.000000] ACPI: FACP 0x000000003FFF00F0 0000F4 (v04 VBOX   VBOXFACP 00000001 ASL  00000061)
[    0.00000] ACPI: DSDT 0x00000003FF070 001EB(v01 VOX  VBOXIO 00000002 ITL20100528)
[   .00000]ACP: FACS 0x000000003FFF0200 000040
[    0.000000] ACPI: FACS 0x000000003FFF0200 000040
[    0.000000] ACPI: APIC 0x000000003FFF0240 00005C (v02 VBOX   VBOXAPIC 00000001 ASL  00000061)
[    0.000000] ACPI: SSDT 0x000000003FFF02A0 0001CC (v01 VBOX   VBOXCPUT 00000002 INTL 20100528)
[    0.000000] 131MB HIGHMEM available.
[    0.000000] 891MB LOWMEM available.
[    0.000000]   mapped low ram: 0 - 37bfe000
[    0.000000]   low ram: 0 - 37bfe000
[   0.0000] kvm-clock: Using msrs 4b564d01 and 4b564d00
[    0.000000] kvm-clock: cpu 0, msr 0:37bfd001, primary cpu clock
[    0.000000] kvm-clock: using sched offset of 3814175442 cycles
[    0.000000] clocksource: kvm-clock: mask: 0xffffffffffffffff max_cycles: 0x1cd42e4dffb, max_idle_ns: 881590591483 ns
[    0.000000] Zone ranges:
[    0.000000]   DMA      [mem 0x0000000000001000-0x0000000000ffffff]
[    0.000000]   Normal   [mem 0x0000000001000000-0x0000000037bfdfff]
[    0.000000]   HighMem  [mem 0x0000000037bfe000-0x000000003ffeffff]
[    0.000000] Movable zone start for each node
[    0.000000] Early memory node ranges
[    0.000000]   node   0: [mem 0x0000000000001000-0x000000000009efff]
[    0.000000]   node   0: [mem 0x00000000001000000-0x000000003ffeffff]
[    0.000000] Initmem setup node 0 [mem 0x0000000000001000-0x000000003ffeffff]
[    0.000000] Using APIC driver default
[    0.000000] ACPI: PM-Timer IO Port: 0x4008
[    0.000000] IOAPIC[0]: apic_id 2, version 17, address 0xfec00000, GSI 0-23
[  0.00000]ACPI: INT_SRC_OVR (bus 0 bus_irq 0 global_irq 2 dfl dfl)
[    0.000000] ACPI: INT_SRC_OVR (bus  bs_irq 9 gobl_irq 9 hig lvel)
[    .00000] Using ACPI (MADT) for SMP configuration informatin
[   0.000000] smpboot: Allowing 2 CPUs, 0 hotplug CPUs
[    0.000000] PM: Registered nosave memory: [mem 0x00000000-0x00000fff]
[   0.000000]PM Registered nosave memory: [mem x0009f000-0x0009ffff]
[   0.000000] PM: Registered nosave memory: [mem 0x000a0000-0x000effff]
[    0.000000] PM: Registered nosave memory: [mem 0x000f0000-0x000fffff]
[    0.000000] e820: [mem 0x40000000-0xfffbffff] available for PCI devices
[    0.000000] Booting paravirtualized kernel on KVM
[    0.000000] clocksource: refined-jiffies: mask: 0xffffffff max_cycles: 0xffffffff, max_idle_ns: 7645519600211568 ns
[    0.000000] setup_percpu: NR_CPUS:8 nr_cpumask_bits:8 nr_cpu_ids:2 nr_node_ids:1
[    0.000000] PERCPU: Embedded 19 pages/cpu @f71b0000 s47436 r0 d30388 u77824
[    0.000000] PV qspinlock hash table entries: 512 (order: 0, 4096 bytes)
[    0.000000] Built 1 zonelists in Zone order, mobility grouping on.  Total pages: 259800
[    0.000000] Kernel command line: BOOT_IMAGE=/boot/vmlinuz-4.4.0-109-generic root=UUID=ce13037b-8c46-45e6-b59a-8990ae7ebc63 ro console=tty1 console=ttyS0
[    0.000000] PID hash table entries: 4096 (order: 2, 16384 bytes)
[    0.000000] Dentry cache hash table entries: 131072 (order: 7, 524288 bytes)
[    0.000000] Inode-cache hash table entries: 65536 (order: 6, 262144 bytes)
[    0.000000] Initializing CPU#0
[    0.000000] Initializing HighMem for node 0 (00037bfe:0003fff0)
[    0.000000] Initializing Movable for node 0 (00000000:00000000)
[    0.000000] Memory: 1008280K/1048120K available (7969K kernel code, 777K rwdata, 3168K rodata, 940K init, 800K bss, 39840K reserved, 0K cma-reserved, 135112K highmem)
[    0.000000] virtual kernel memory layout:
[    0.000000]     fixmap  : 0xfff15000 - 0xfffff000   ( 936 kB)
[    0.000000]     pkmap   : 0xffc00000 - 0xffe00000   (2048 kB)
[    0.000000]     vmalloc : 0xf83fe000 - 0xffbfe000   ( 120 MB)
    0.000000]     lowmem  : 0xc0000000 - 0xf7bfe000   ( 891 MB)
[    0.000000]       .init : 0xc1ba6000 - 0xcc9000   ( 940 kB)
[    0.000000]       .data : 0xc17c8a6d - 0xc1ba4680   (3951 kB)
[    0.000000]       .text : 0xc1000000 - 0xc17c8a6d   (7970 kB)
[    0.000000] Checking if this processor honours the WP bit even in supervisor mode...Ok.
[    0.000000] SLUB: HWalign=64, Order=0-3,MiObjects=0, CPUs=2, Nodes=1
[    0.000000] Hierarchical RCU implementation.
[    0.000000] 	Build-time adjustment of leaf fanout to 32.
[    0.000000] 	RCU restricting CPUs from NR_CPUS=8 to nr_cpu_ids=2.
[    0.000000] RCU: Adjusting geometry for rcu_fanout_leaf=32, nr_cpu_ids=2
[    0.000000] NR_IRQS:2304 nr_irqs:440 16
[    0.000000] Console: colour VGA+ 80x25
[    0.000000] console [tty1] enabled
[    0.000000] console [ttyS0] enabled
[    0.000000] allocated 1048576 bytes of page_ext
[    0.000000] tsc: Detected 2292.578 MHz processor
[    6.132852] Calibrating delay loop (skipped) preset value.. 458515 BogoMIPS (lpj=9170312)
[    6.198290] pid_max: default: 32768 minimum: 301
[    6.288607] ACPI: Core revision 20150930
[    6.353617] ACPI: 2 ACPI AML tables successfully acquired and loaded
[    6.444204] Security Framework initialized
[    6.490595] Yama: becoming mindful.
[    6.524122] AppArmor: AppArmor initialized
[    6.564670] Mount-cache hash table entries: 2048 (order: 1, 8192 bytes)
[    6.596695] Mountpoint-cache hash table entries: 2048 (order: 1, 8192 bytes)
[    6.625066] Initializing cgroup subsys io
[    6.644531] Initializing cgroup subsys memory
[    6.653212] Initializing cgroup subsys devices
[    6.684618] Initializing cgroup subsys freezer
[    6.712500] Initializing cgroup subsys net_cls
[    6.713754] Initializing cgroup subsys perf_event
[    6.715025] Initializing cgroup subsys net_prio
[    6.716347] Initializing cgroup subsys hugetlb
[    6.717586] Initializing cgroup subsys pids
[    6.718897] CPU: Physical Processor ID: 0
[    6.732629] CPU: Processor Core ID: 0
[    6.740722] mce: CPU supports 0 MCE banks
[    6.741922] Last level iTLB entries: 4KB 512, 2MB 8, 4MB 8
[    6.743352] Last level dTLB entries: 4KB 512, 2MB 32, 4MB 32, 1GB 0
[    6.756935] Freeing SMP alternatives memory: 28K
[    6.775769] ftrace: allocating 31444 entries in 62 pages
[    6.867671] smpboot: APIC(0) Converting physical 0 to logical package 0
[    6.875208] smpboot: Max logical packages: 1
[    6.876500] Enabling APIC mode:  Flat.  Using 1 I/O APICs
[    6.879790] ..TIMER: vector=0x30 apic1=0 pin1=2 apic2=-1 pin2=-1
[    7.004133] smpboot: CPU0: Intel(R) Core(TM) i5-2410M CPU @ 2.30GHz (family: 0x6, model: 0x2a, stepping: 0x7)
[    7.026556] Performance Events: unsupported p6 CPU model 42 no PMU driver, software events only.
[    7.037695] KVM setup paravirtual spinlock
[    7.039844] x86: Booting SMP configuration:
[    7.072624] .... node  #0, CPUs:      #1
[1266874885.895376] Initializing CPU#1
[    7.102203] kvm-clock: cpu 1, msr 0:37bfd041, secondary cpu clock
[    7.104060] mce: CPU supports 0 MCE banks
[    7.107122] x86: Booted up 1 node, 2 CPUs
[    7.110003] smpboot: Total of 2 processors activated (9170.31 BogoMIPS)
[    7.124020] devtmpfs: initialized
[    7.126481] evm: security.selinux
[    7.127499] evm: security.SMACK64
[    7.141303] evm: security.SMACK64EXEC
[    7.145239] evm: security.SMACK64TRANSMUTE
[    7.146802] evm: security.SMACK64MMAP
[    7.148245] evm: security.ima
[    7.149529] evm: security.capability
[    7.151399] clocksource: jiffies: mask: 0xffffffff max_cycles: 0xffffffff, max_idle_ns: 7645041785100000 ns
[    7.176357] futex hash table entries: 512 (order: 3, 32768 bytes)
[    7.178286] pinctrl core: initialized pinctrl subsystem
[    7.180010] RTC time: 10:56:06, date: 01/11/18
[    7.213556] NET: Registered protocol family 16
[    7.215146] EISA bus registered
[    7.236091] cpuidle: using governor ladder
[    7.248162] cpuidle: using governor menu
[    7.249578] PCCT header not found.
[    7.250800] ACPI: bus type PCI registered
[    7.258522] acpiphp: ACPI Hot Plug PCI Controller Driver version: 0.5
[    7.267515] PCI : PCI BIOS area is rw and x. Use pci=nobios if you want it NX.
[    7.274833] PCI: PCI BIOS revision 2.10 entry at 0xfda26, last bus=0
[    7.278162] PCI: Using configuration type 1 for base access
[    7.293587] ACPI: Added _OSI(Module Device)
[    7.298000] ACPI: Added _OSI(Processor Device)
[    7.308737] ACPI: Added _OSI(3.0 _SCP Extensions)
[    7.313440] ACPI: Added _OSI(Processor Aggregator Device)
[    7.315841] ACPI: Executed 1 blocks of module-level executable AML code
[    7.320393] ACPI: Interpreter enabled
[    7.321565] ACPI: (supports S0 S5)
[    7.328589] ACPI: Using IOAPIC for interrupt routing
[    7.330250] PCI: Using host bridge windows from ACPI; if necessary, use "pci=nocrs" and report a bug
[    7.336304] ACPI: PCI Root Bridge [PCI0] (domain 0000 [bus 00-ff])
[    7.344059] acpi PNP0A03:00: _OSC: OS supports [ASPM ClockPM Segments MSI]
[    7.345968] acpi PNP0A03:00: _OSC failed (AE_NOT_FOUND); disabling ASPM
[    7.347721] acpi PNP0A03:00: fail to add MMCONFIG information, can't access extended PCI configuration space under this bridge.
[    7.366029] PCI host bridge to bus 0000:00
[    7.369942] pci_bus 0000:00: root bus resource [io  0x0000-0x0cf7 window]
[    7.371837] pci_bus 0000:00: root bus resource [io  0x0d00-0xffff window]
[    7.382562] pci_bus 0000:00: root bus resource [mem 0x000a0000-0x000bffff window]
[    7.384907] pci_bus 0000:00: root bus resource [mem 0x40000000-0xffdfffff window]
[    7.387127] pci_bus 0000:00: root bus resource [bus 00-ff]
[    7.391321] pci 0000:00:01.1: legacy IDE quirk: reg 0x10: [io  0x01f0-0x01f7]
[    7.393239] pci 0000:00:01.1: legacy IDE quirk: reg 0x14: [io  0x03f6]
[    7.394952] pci 0000:00:01.1: legacy IDE quirk: reg 0x18: [io  0x0170-0x0177]
[    7.396851] pci 0000:00:01.1: legacy IDE quirk: reg 0x1c: [io  0x0376]
[    7.452185] ACPI: PCI Interrupt Link [LNKA] (IRQs 5 9 10 11) *0, disabled.
[    7.512641] ACPI: PCI Interrupt Link [LNKB] (IRQs 5 9 10 *11)
[    7.542882] ACPI: PCI Interrupt Link [LNKC] (IRQs 5 9 *10 11)
[    7.580917] ACPI: PCI Interrupt Link [LNKD] (IRQs 5 *9 10 11)
[    7.592103] ACPI: Enabled 2 GPEs in block 00 to 07
[    7.608022] vgaarb: setting as boot device: PCI:0000:00:02.0
[    7.625757] vgaarb: device added: PCI:0000:00:02.0,decodes=io+mem,owns=io+mem,locks=none
[    7.683502] vgaarb: loaded
[    7.704135] vgaarb: bridge control possible 0000:00:02.0
[    7.733655] SCSI subsystem initialized
[    7.742421] ACPI: bus type USB registered
[    7.743720] usbcore: registered new interface driver usbfs
[    7.784785] usbcore: registered new interface driver hub
[    7.813837] usbcore: registered new device driver usb
[    7.818160] PCI: Using ACPI for IRQ routing
[    7.819887] NetLabel: Initializing
[    7.844735] NetLabel:  domain hash size = 128
[    7.846033] NetLabel:  protocols = UNLABELED CIPSOv4
[    7.847468] NetLabel:  unlabeled traffic allowed by default
[    7.855342] amd_nb: Cannot enumerate AMD northbridges
[    7.856875] clocksource: Switched to clocksource kvm-clock
[   78873] pprmr:ApArmor Fiesstm naled
[    8.337788] pnp: PnP ACPI init
[    8.341062] pnp: PnP ACPI: found 3 devices
[    8.342978] PnPBIOS: Disabled by ACPI PNP

[   8.391846]clocksource: acpi_pm: mask: 0xffffff max_cycles: 0xffffff, max_idles:2057104 s[   .7335]NE: egstre potco famil 2

[    9.23928 TP established hash abe ntrs:8192 (order: 3, 32768 bytes)

[    9.525962] TCP bind hash table entries: 8192 (order: 4, 65536 bytes)
[    9.528627] TCP: Hash tables configured (established 8192 bind 8192)
[    9.531385] UDP hash table entries: 2 (order: 2, 16384 bytes)
[    9.612695] UDP-Lite hash table entries: 512 (order: 2, 16384 bytes)
[    9.615245] NET: Registered protocol family 1
[    9.617117] pci 0000:00:00.0: Limiting direct PCI/CI transfers
[    9.65708] pci 0000:00:01.0: Activating ISA DMA hang workarounds
[    9.692108] Unpacking initramfs...

[    9.988746] Freeing initrd memory: 14636K
[   10.021066] RAPL PMU detected, API unit is 2^-32 Joules, 3 fixed counters 10737418240 ms ovfl timer
[   10.082586] hw unit of domain pp0-core 2^-0 Joules
[   10.118999] hw unit of domain package 2^-0 Joules
[   10.143835] hw unit of domain pp1-gpu 2^-0 Joules
[   10.145385] platform rtc_cmos: registered platform RTC device (no PNP device found)
[   10.178604] Scanning for low memory corruption every 60 seconds
[   10.226432] audit: initializing netlink subsys (disabled)
[   10.267272] audit: type=2000 audit(1515668167.426:1): initialized
[   10.340447] Initialise system trusted keyring
[   10.384468] HugeTLB registered 2 MB page size, pre-allocated 0 pages
[   10.431392] zbud: loaded
[   10.457085] VFS: Disk quotas dquot_6.6.0
[   10.488096] VFS: Dquot-cache hash table entries: 1024 (order 0, 4096 bytes)
[   10.559696] squashfs: version 4.0 (2009/01/31) Phillip Lougher
[   10.597645] fuse init (API version 7.23)
[   10.633290] Key type big_key registered
[   10.654062] Allocating IMA MOK and blacklist keyrings.
[   10.673275] Key type asymmetric registered
[   10.676513] Asymmetric key parser 'x509' registered
[   10.683954] bounce: pool size: 64 pages
[   10.685315] Block layer SCSI generic (bsg) driver version 0.4 loaded (major 249)
[   10.694517] io scheduler noop registered
[   10.696833] io scheduler deadline registered (default)
[   10.700002] io scheduler cfq registered
[   10.702502] pci_hotplug: PCI Hot Plug PCI Core version: 0.5
[   10.705786] pciehp: PCI Express Hot Plug Controller Driver version: 0.4
[   10.709629] ACPI: AC Adapter [AC] (on-line)
[   10.712117] input: Power Button as /devices/LNXSYSTM:00/LNXPWRBN:00/input/input0
[   10.716471] ACPI: Power Button [PWRF]
[   10.718309] input: Sleep Button as /devices/LNXSYSTM:00/LNXSLPBN:00/input/input1
[   10.721591] ACPI: Sleep Button [SLPF]
[   10.724818] ACPI: Battery Slot [BAT0] (battery present)
[   10.727809] GHES: HEST is not enabled!
[   10.730065] isapnp: Scanning for PnP cards...
[   10.730374] Serial: 8250/16550 driver, 32 ports, IRQ sharing enabled
[   10.761695] 00:02: ttyS0 at I/O 0x3f8 (irq = 4, base_baud = 115200) is a 16550A
[   10.769142] Linux agpgart interface v0.103
[   10.778890] loop: module loaded
[   10.785104] scsi host0: ata_piix
[   10.786963] scsi host1: ata_piix
[   10.788357] ata1: PATA max UDMA/33 cmd 0x1f0 ctl 0x3f6 bmdma 0xd000 irq 14
[   10.790614] ata2: PATA max UDMA/33 cmd 0x170 ctl 0x376 bmdma 0xd008 irq 15
[   10.795042] libphy: Fixed MDIO Bus: probed
[   10.796664] tun: Universal TUN/TAP device driver, 1.6
[   10.798778] tun: (C) 1999-2004 Max Krasnyansky <maxk@qualcomm.com>
[   10.801280] PPP generic driver version 2.4.2
[   10.803028] ehci_hcd: USB 2.0 'Enhanced' Host Controller (EHCI) Driver
[   10.805424] ehci-pci: EHCI PCI platform driver
[   10.807262] ehci-platform: EHCI generic platform driver
[   10.809049] ohci_hcd: USB 1.1 'Open' Host Controller (OHCI) Driver
[   10.811041] ohci-pci: OHCI PCI platform driver
[   10.812750] ohci-platform: OHCI generic platform driver
[   10.814616] uhci_hcd: USB Universal Host Controller Interface driver
[   10.816888] i8042: PNP: PS/2 Controller [PNP0303:PS2K,PNP0f03:PS2M] at 0x60,0x64 irq 1,12
[   10.821199] serio: i8042 KBD port at 0x60,0x64 irq 1
[   10.823255] serio: i8042 AUX port at 0x60,0x64 irq 12
[   10.825505] mousedev: PS/2 mouse device common for all mice
[   10.829784] rtc_cmos rtc_cmos: rtc core: registered rtc_cmos as rtc0
[   10.833423] input: AT Translated Set 2 keyboard as /devices/platform/i8042/serio0/input/input2
[   10.838305] rtc_cmos rtc_cmos: alarms up to one day, 114 bytes nvram
[   10.840859] i2c /dev entries driver
[   10.842334] device-mapper: uevent: version 1.0.3
[   10.844517] device-mapper: ioctl: 4.34.0-ioctl (2015-10-28) initialised: dm-devel@redhat.com
[   10.848175] platform eisa.0: Probing EISA bus 0
[   10.850050] platform eisa.0: EISA: Cannot allocate resource for mainboard
[   10.852604] platform eisa.0: Cannot allocate resource for EISA slot 1
[   10.854644] platform eisa.0: Cannot allocate resource for EISA slot 2
[   10.857416] platform eisa.0: Cannot allocate resource for EISA slot 3
[   10.861335] platform eisa.0: Cannot allocate resource for EISA slot 4
[   10.863510] platform eisa.0: Cannot allocate resource for EISA slot 5
[   10.865758] platform eisa.0: Cannot allocate resource for EISA slot 6
[   10.867804] platform eisa.0: Cannot allocate resource for EISA slot 7
[   10.869894] platform eisa.0: Cannot allocate resource for EISA slot 8
[   10.871512] platform eisa.0: EISA: Detected 0 cards
[   10.872838] cpufreq-nforce2: No nForce2 chipset.
[   10.874211] ledtrig-cpu: registered to indicate activity on CPUs
[   10.876160] NET: Registered protocol family 10
[   10.877748] NET: Registered protocol family 17
[   10.879018] Key type dns_resolver registered
[   10.880514] microcode: CPU0 sig=0x206a7, pf=0x10, revision=0x0
[   10.882401] microcode: CPU1 sig=0x206a7, pf=0x10, revision=0x0
[   10.884000] microcode: Microcode Update Driver: v2.01 <tigran@aivazian.fsnet.co.uk>, Peter Oruba
[   10.886409] Using IPI No-Shortcut mode
[   10.887705] registered taskstats version 1
[   10.888895] Loading compiled-in X.509 certificates
[   10.893154] Loaded X.509 cert 'Build time autogenerated kernel key: da9d9fe300c25a9bd47e13f7b97ba4b5eaf38dab'
[   10.895752] zswap: loaded using pool lzo/zbud
[   10.898918] Key type trusted registered
[   10.903442] Key type encrypted registered
[   10.904647] AppArmor: AppArmor sha1 policy hashing enabled
[   10.906164] ima: No TPM chip found, activating TPM-bypass!
[   10.907626] evm: HMAC attrs: 0x1
[   10.909037]   Magic number: 2:744:931
[   10.910252] rtc_cmos rtc_cmos: setting system clock to 2018-01-11 10:56:09 UTC (1515668169)
[   10.912616] BIOS EDD facility v0.16 2004-Jun-25, 0 devices found
[   10.914239] EDD information not available.
[   11.137831] isapnp: No Plug & Play device found
[   11.141055] tsc: Refined TSC clocksource calibration: 2293.092 MHz
[   11.141058] clocksource: tsc: mask: 0xffffffffffffffff max_cycles: 0x210db7a5088, max_idle_ns: 440795294824 ns
[   11.241680] Freeing unused kernel memory: 940K
[   11.260701] Write protecting the kernel text: 7972k
[   11.262163] Write protecting the kernel read-only data: 3172k
[   11.263644] NX-protecting the kernel data: 6364k
Loading, please wait...
starting version[   11.280969] random: systemd-udevd: uninitialized urandom read (16 bytes read, 1 bits of entropy available)
 229
[   11.281566] random: udevadm: uninitialized urandom read (16 bytes read, 1 bits of entropy available)
[   11.296178] random: udevadm: uninitialized urandom read (16 bytes read, 1 bits of entropy available)
[   11.296240] random: udevadm: uninitialized urandom read (16 bytes read, 1 bits of entropy available)
[   11.296427] random: udevadm: uninitialized urandom read (16 bytes read, 1 bits of entropy available)
[   11.296525] random: udevadm: uninitialized urandom read (16 bytes read, 1 bits of entropy available)
[   11.296600] random: udevadm: uninitialized urandom read (16 bytes read, 1 bits of entropy available)
[   11.296677] random: udevadm: uninitialized urandom read (16 bytes read, 1 bits of entropy available)
[   11.296747] random: udevadm: uninitialized urandom read (16 bytes read, 1 bits of entropy available)
[   11.296816] random: udevadm: uninitialized urandom read (16 bytes read, 1 bits of entropy available)
[   11.704496] e1000: Intel(R) PRO/1000 Network Driver - version 7.3.21-k8-NAPI
[   11.719686] e1000: Copyright (c) 1999-2006 Intel Corporation.
[   11.745831] Fusion MPT base driver 3.04.20
[   11.766247] Copyright (c) 1999-2008 LSI Corporation
[   11.820177] Fusion MPT SPI Host driver 3.04.20
[   12.005029] input: ImExPS/2 Generic Explorer Mouse as /devices/platform/i8042/serio1/input/input4
[   12.237071] e1000 0000:00:03.0 eth0: (PCI:33MHz:32-bit) 02:57:70:43:80:c6
[   12.239406] e1000 0000:00:03.0 eth0: Intel(R) PRO/1000 Network Connection
[   12.837503] e1000 0000:00:08.0 eth1: (PCI:33MHz:32-bit) 08:00:27:22:cc:68
[   12.908393] e1000 0000:00:08.0 eth1: Intel(R) PRO/1000 Network Connection
[   12.931875] e1000 0000:00:08.0 enp0s8: renamed from eth1
[   12.961872] mptbase: ioc0: Initiating bringup
[   12.973547] e1000 0000:00:03.0 enp0s3: renamed from eth0
[   13.030237] ioc0: LSI53C1030 A0: Capabilities={Initiator}
[   13.215970] scsi host2: ioc0: LSI53C1030 A0, FwRev=00000000h, Ports=1, MaxQ=256, IRQ=20
[   13.331051] scsi 2:0:0:0: Direct-Access     VBOX     HARDDISK         1.0  PQ: 0 ANSI: 5
[   13.352620] scsi target2:0:0: Beginning Domain Validation
[   13.369468] scsi target2:0:0: Domain Validation skipping write tests
[   13.371858] scsi target2:0:0: Ending Domain Validation
[   13.374090] scsi target2:0:0: asynchronous
[   13.402552] scsi 2:0:1:0: Direct-Access     VBOX     HARDDISK         1.0  PQ: 0 ANSI: 5
[   13.450851] scsi target2:0:1: Beginning Domain Validation
[   13.477117] scsi target2:0:1: Domain Validation skipping write tests
[   13.478798] scsi target2:0:1: Ending Domain Validation
[   13.480411] scsi target2:0:1: asynchronous
[   13.492486] sd 2:0:0:0: [sda] 20971520 512-byte logical blocks: (10.7 GB/10.0 GiB)
[   13.496194] sd 2:0:0:0: Attached scsi generic sg0 type 0
[   13.498092] sd 2:0:0:0: [sda] Write Protect is off
[   13.504067] sd 2:0:1:0: [sdb] 20480 512-byte logical blocks: (10.5 MB/10.0 MiB)
[   13.505471] sd 2:0:0:0: [sda] Incomplete mode parameter data
[   13.505472] sd 2:0:0:0: [sda] Assuming drive cache: write through
[   13.557497] sd 2:0:1:0: Attached scsi generic sg1 type 0
[   13.598425] sd 2:0:1:0: [sdb] Write Protect is off
[   13.600102] sd 2:0:1:0: [sdb] Incomplete mode parameter data
[   13.608073] sd 2:0:1:0: [sdb] Assuming drive cache: write through
[   13.616993]  sda: sda1
[   13.639469] sd 2:0:0:0: [sda] Attached SCSI disk
[   13.866663] sd 2:0:1:0: [sdb] Attached SCSI disk
[   14.793759] floppy0: no floppy controllers found
Begin: Loading essential drivers ... [   16.325096] md: linear personality registered for level -1
[   16.345874] md: multipath personality registered for level -4
[   16.359708] md: raid0 personality registered for level 0
[   16.388461] md: raid1 personality registered for level 1
[   16.497157] raid6: mmxx1    gen()  4416 MB/s
[   16.593193] raid6: mmxx2    gen()  4761 MB/s
[   16.701194] raid6: sse1x1   gen()  2948 MB/s
[   16.777200] raid6: sse1x2   gen()  4384 MB/s
[   16.845183] raid6: sse2x1   gen()  7293 MB/s
[   16.913193] raid6: sse2x1   xor()  5607 MB/s
[   16.993205] raid6: sse2x2   gen()  9293 MB/s
[   17.081211] raid6: sse2x2   xor()  6363 MB/s
[   17.101804] raid6: using algorithm sse2x2 gen() 9293 MB/s
[   17.111724] raid6: .... xor() 6363 MB/s, rmw enabled
[   17.113042] raid6: using ssse3x1 recovery algorithm
[   17.135425] xor: automatically using best checksumming function:
[   17.189220]    avx       : 17062.000 MB/sec
[   17.199377] async_tx: api initialized (async)
[   17.224417] md: raid6 personality registered for level 6
[   17.226341] md: raid5 personality registered for level 5
[   17.239511] md: raid4 personality registered for level 4
[   17.252949] md: raid10 personality registered for level 10
done.
Begin: Running /scripts/init-premount ... done.
Begin: Mounting root file system ... Begin: Running /scripts/local-top ... done.
Begin: Running /scripts/local-premount ... [   17.317874] Btrfs loaded
Scanning for Btrfs filesystems
done.
Warning: fsck not present, so skipping root file system
[   17.481028] EXT4-fs (sda1): mounted filesystem with ordered data mode. Opts: (null)
done.
Begin: Running /scripts/local-bottom ... done.
Begin: Running /scripts/init-bottom ... done.
[   18.373225] systemd[1]: systemd 229 running in system mode. (+PAM +AUDIT +SELINUX +IMA +APPARMOR +SMACK +SYSVINIT +UTMP +LIBCRYPTSETUP +GCRYPT +GNUTLS +ACL +XZ -LZ4 +SECCOMP +BLKID +ELFUTILS +KMOD -IDN)
[   18.463362] systemd[1]: Detected virtualization oracle.
[   18.490623] systemd[1]: Detected architecture x86.

Welcome to [1mUbuntu 16.04.3 LTS[0m!

[   18.567463] systemd[1]: Set hostname to <ubuntu-xenial>.
[   18.786244] random: nonblocking pool is initialized
[   19.456709] systemd[1]: Created slice System Slice.
[[0;32m  OK  [0m] Created slice System Slice.
[   19.518050] systemd[1]: Listening on Journal Socket (/dev/log).
[[0;32m  OK  [0m] Listening on Journal Socket (/dev/log).
[   19.593517] systemd[1]: Listening on LVM2 metadata daemon socket.
[[0;32m  OK  [0m] Listening on LVM2 metadata daemon socket.
[   19.705733] systemd[1]: Reached target Swap.
[[0;32m  OK  [0m] Reached target Swap.
[   19.757908] systemd[1]: Listening on Syslog Socket.
[[0;32m  OK  [0m] Listening on Syslog Socket.
[   19.810667] systemd[1]: Listening on Journal Socket.
[[0;32m  OK  [0m] Listening on Journal Socket.
[   19.909744] systemd[1]: Starting Remount Root and Kernel File Systems...
         Starting Remount Root and Kernel File Systems...
[   19.997820] systemd[1]: Mounting POSIX Message Queue File System...
[   20.034674] EXT4-fs (sda1): re-mounted. Opts: (null)
         Mounting POSIX Message Queue File System...
[   20.089737] systemd[1]: Starting Load Kernel Modules...
         Starting Load Kernel Modules...
[   20.157489] systemd[1]: Mounting Huge Pages File System...
         Mounting Huge Pages File System.[   20.198323] Loading iSCSI transport class v2.0-870.
..
[   21.121884] systemd[1]: Created slice system-serial\x2dgetty.slice.
[[0;32m  OK  [0m] Created slice system-serial\x2dgetty.slice.[   21.191367] iscsi: registered transport (tcp)

[   21.233816] systemd[1]: Listening on udev Control Socket.
[[0;32m  OK  [0m] Listening on udev Control Socket.
[   21.325330] systemd[1]: Mounting Debug File System...
         Mounting Debug File System...
[   21.333037] systemd[1]: Created slice User and Session Slice.
[[0;32m  OK  [0m] Created slice User and Sessi[   21.373216] iscsi: registered transport (iser)
on Slice.
[   21.437204] systemd[1]: Listening on /dev/initctl Compatibility Named Pipe.
[[0;32m  OK  [0m] Listening on /dev/initctl Compatibility Named Pipe.
[   21.497139] systemd[1]: Started Forward Password Requests to Wall Directory Watch.
[[0;32m  OK  [0m] Started Forward Password Requests to Wall Directory Watch.
[   21.502956] systemd[1]: Listening on LVM2 poll daemon socket.
[[0;32m  OK  [0m] Listening on LVM2 poll daemon socket.
[   21.521627] systemd[1]: Starting Set console keymap...
         Starting Set console keymap...
[   21.533590] systemd[1]: Reached target Slices.
[[0;32m  OK  [0m] Reached target Slices.
[   21.549624] systemd[1]: Listening on Journal Audit Socket.
[[0;32m  OK  [0m] Listening on Journal Audit Socket.
[   21.559907] systemd[1]: Reached target Encrypted Volumes.
[[0;32m  OK  [0m] Reached target Encrypted Volumes.
[   21.605255] systemd[1]: Starting Uncomplicated firewall...
         Starting Uncomplicated firewall...
[   21.627022] systemd[1]: Starting Create list of required static device nodes for the current kernel...
         Starting Create list of required st... nodes for the current kernel...
[   21.653327] systemd[1]: Started Trigger resolvconf update for networkd DNS.
[[0;32m  OK  [0m] Started Trigger resolvconf update for networkd DNS.
[   21.729962] systemd[1]: Starting Journal Service...
         Starting Journal Service...
[   21.795400] systemd[1]: Starting Nameserver information manager...
         Starting Nameserver information manager...
[   21.837480] systemd[1]: Reached target User and Group Name Lookups.
[[0;32m  OK  [0m] Reached target User and Group Name Lookups.
[   21.887853] systemd[1]: Set up automount Arbitrary Executable File Formats File System Automount Point.
[[0;32m  OK  [0m] Set up automount Arbitrary Executab...ats File System Automount Point.
[   22.055721] systemd[1]: Listening on Device-mapper event daemon FIFOs.
[[0;32m  OK  [0m] Listening on Device-mapper event daemon FIFOs.
[   22.141528] systemd[1]: Starting Monitoring of LVM2 mirrors, snapshots etc. using dmeventd or progress polling...
         Starting Monitoring of LVM2 mirrors... dmeventd or progress polling...
[   22.230896] systemd[1]: Listening on udev Kernel Socket.
[[0;32m  OK  [0m] Listening on udev Kernel Socket.
[   22.332771] systemd[1]: Mounted Debug File System.
[[0;32m  OK  [0m] Mounted Debug File System.
[   22.348188] systemd[1]: Mounted POSIX Message Queue File System.
[[0;32m  OK  [0m] Mounted POSIX Message Queue File System.
[   22.450133] systemd[1]: Mounted Huge Pages File System.
[[0;32m  OK  [0m] Mounted Huge Pages File System.
[   22.510478] systemd[1]: Started Journal Service.
[[0;32m  OK  [0m] Started Journal Service.
[[0;32m  OK  [0m] Started Remount Root and Kernel File Systems.
[[0;32m  OK  [0m] Started Load Kernel Modules.
[[0;32m  OK  [0m] Started Set console keymap.
[[0;32m  OK  [0m] Started Uncomplicated firewall.
[[0;32m  OK  [0m] Started Create list of required sta...ce nodes for the current kernel.
[[0;32m  OK  [0m] Started Nameserver information manager.
[[0;32m  OK  [0m] Started LVM2 metadata daemon.
         Starting Create Static Device Nodes in /dev...
         Mounting FUSE Control File System...
         Starting Apply Kernel Variables...
         Starting Initial cloud-init job (pre-networking)...
         Starting udev Coldplug all Devices...
         Starting Load/Save Random Seed...
         Starting Flush Journal to Persistent Storage...
[[0;32m  OK  [0m] Mounted FUSE Control File System.
[[0;32m  OK  [0m] Started Load/Save Random Seed.
[[0;32m  OK  [0m] Started Apply Kernel Variables.
[[0;32m  OK  [0m] Started udev Coldplug all Devices.
[[0;32m  OK  [0m] Started Create Static Device Nodes in /dev.
         Starting udev Kernel Device Manager...
[[0;32m  OK  [0m] Started Flush Journal to Persistent Storage.
[[0;32m  OK  [0m] Started Monitoring of LVM2 mirrors,...ng dmeventd or progress polling.
[[0;32m  OK  [0m] Started udev Kernel Device Manager.
[[0;32m  OK  [0m] Started Dispatch Password Requests to Console Directory Watch.
[[0;32m  OK  [0m] Reached target Local File Systems (Pre).
[[0;32m  OK  [0m] Reached target Local File Systems.
         Starting Set console font and keymap...
         Starting Create Volatile Files and Directories...
         Starting Tell Plymouth To Write Out Runtime Data...
         Starting LSB: AppArmor initialization...
[[0;32m  OK  [0m] Found device /dev/ttyS0.
[[0;32m  OK  [0m] Started Tell Plymouth To Write Out Runtime Data.
[[0;32m  OK  [0m] Started Create Volatile Files and Directories.
         Starting Update UTMP about System Boot/Shutdown...
[[0;32m  OK  [0m] Reached target System Time Synchronized.
[[0;32m  OK  [0m] Started Update UTMP about System Boot/Shutdown.
[[0;32m  OK  [0m] Found device 82540EM Gigabit Ethern...r (PRO/1000 MT Desktop Adapter).
[[0;32m  OK  [0m] Found device 82540EM Gigabit Ethern...r (PRO/1000 MT Desktop Adapter).
[[0;32m  OK  [0m] Started Set console font and keymap.
[[0;32m  OK  [0m] Created slice system-getty.slice.
[[0;32m  OK  [0m] Listening on Load/Save RF Kill Switch Status /dev/rfkill Watch.
[[0;32m  OK  [0m] Started LSB: AppArmor initialization.
[   20.648985] cloud-init[428]: Cloud-init v. 17.1 running 'init-local' at Thu, 11 Jan 2018 10:56:25 +0000. Up 19.94 seconds.
[[0;32m  OK  [0m] Started Initial cloud-init job (pre-networking).
[[0;32m  OK  [0m] Reached target Network (Pre).
[[0;32m  OK  [0m] Started ifup for enp0s8.
         Starting Raise network interfaces...
[[0;32m  OK  [0m] Started ifup for enp0s3.
[[0;32m  OK  [0m] Started Raise network interfaces.
[[0;32m  OK  [0m] Reached target Network.
         Starting Initial cloud-init job (metadata service crawler)...
[   22.671411] cloud-init[1043]: Cloud-init v. 17.1 running 'init' at Thu, 11 Jan 2018 10:56:27 +0000. Up 21.70 seconds.
[   22.690081] cloud-init[1043]: ci-info: ++++++++++++++++++++++++++++++++++++++Net device info++++++++++++++++++++++++++++++++++++++
[   22.715070] cloud-init[1043]: ci-info: +--------+------+-----------------------------+---------------+-------+-------------------+
[   22.718956] cloud-init[1043]: ci-info: | Device |  Up  |           Address           |      Mask     | Scope |     Hw-Address    |
[   22.724439] cloud-init[1043]: ci-info: +--------+------+-----------------------------+---------------+-------+-------------------+
[   22.729557] cloud-init[1043]: ci-info: | enp0s3 | True |          10.0.2.15          | 255.255.255.0 |   .   | 02:57:70:43:80:c6 |
[   22.737600] cloud-init[1043]: ci-info: | enp0s3 | True |  fe80::57:70ff:fe43:80c6/64 |       .       |  link | 02:57:70:43:80:c6 |
[   22.762868] cloud-init[1043]: ci-info: | enp0s8 | True |        10.11.217.133        | 255.255.255.0 |   .   | 08:00:27:22:cc:68 |
[   22.763392] cloud-init[1043]: ci-info: | enp0s8 | True | fe80::a00:27ff:fe22:cc68/64 |       .       |  link | 08:00:27:22:cc:68 |
[   22.763689] cloud-init[1043]: ci-info: |   lo   | True |          127.0.0.1          |   255.0.0.0   |   .   |         .         |
[   22.764013] cloud-init[1043]: ci-info: |   lo   | True |           ::1/128           |       .       |  host |         .         |
[   22.764605] cloud-init[1043]: ci-info: +--------+------+-----------------------------+---------------+-------+-------------------+
[[0;32m  OK  [0m] Started Initial cloud-init job (metadata service crawler).
[   22.764937] cloud-init[1043]: ci-info: +++++++++++++++++++++++++++Route IPv4 info++++++++++++++++++++++++++++
[   22.791296] cloud-init[1043]: ci-info: +-------+-------------+----------+---------------+-----------+-------+
[   22.804466] cloud-init[1043]: ci-info: | Route | Destination | Gateway  |    Genmask    | Interface | Flags |
[   22.805008] cloud-init[1043]: ci-info: +-------+-------------+----------+---------------+-----------+-------+
[   22.805301] cloud-init[1043]: ci-info: |   0   |   0.0.0.0   | 10.0.2.2 |    0.0.0.0    |   enp0s3  |   UG  |
[   22.805628] cloud-init[1043]: ci-info: |   1   |   10.0.2.0  | 0.0.0.0  | 255.255.255.0 |   enp0s3  |   U   |
[[0;32m  OK  [0m] Reached target Cloud-config availability.
[   22.805896] cloud-init[1043]: ci-info: |   2   | 10.11.217.0 | 0.0.0.0  | 255.255.255.0 |   enp0s8  |   U   |
[   22.821933] cloud-init[1043]: ci-info: +-------+-------------+----------+---------------+-----------+-------+
[[0;32m  OK  [0m] Reached target System Initialization.
         Starting Socket activation for snappy daemon.
[[0;32m  OK  [0m] Listening on ACPID Listen Socket.
         Starting LXD - unix socket.
[[0;32m  OK  [0m] Started Daily Cleanup of Temporary Directories.
[[0;32m  OK  [0m] Started ACPI Events Check.
[[0;32m  OK  [0m] Reached target Paths.
[[0;32m  OK  [0m] Listening on UUID daemon activation socket.
[[0;32m  OK  [0m] Listening on D-Bus System Message Bus Socket.
[[0;32m  OK  [0m] Started Timer to automatically refresh installed snaps.
[[0;32m  OK  [0m] Reached target Network is Online.
[[0;32m  OK  [0m] Started Daily apt download activities.
[[0;32m  OK  [0m] Started Daily apt upgrade and clean activities.
[[0;32m  OK  [0m] Reached target Timers.
         Starting iSCSI initiator daemon (iscsid)...
[[0;32m  OK  [0m] Listening on Socket activation for snappy daemon.
[[0;32m  OK  [0m] Listening on LXD - unix socket.
[[0;32m  OK  [0m] Reached target Sockets.
[[0;32m  OK  [0m] Reached target Basic System.
         Starting MySQL Community Server...
         Starting Accounts Service...
[[0;32m  OK  [0m] Started FUSE filesystem for LXC.
         Starting /etc/rc.local Compatibility...
[[0;32m  OK  [0m] Started Unattended Upgrades Shutdown.
[[0;32m  OK  [0m] Started Regular background program processing daemon.
         Starting A high performance web server and a reverse proxy server...
         Starting LXD - container startup/shutdown...
         Starting System Logging Service...
         Starting LSB: Record successful boot for GRUB...
         Starting OpenBSD Secure Shell server...
         Starting The PHP 7.0 FastCGI Process Manager...
[[0;32m  OK  [0m] Started Deferred execution scheduler.
         Starting LSB: MD monitoring daemon...
         Starting Apply the settings specified in cloud-config...
[[0;32m  OK  [0m] Started ACPI event daemon.
         Starting Snappy daemon...
[[0;32m  OK  [0m] Started D-Bus System Message Bus.
[   25.711115] cloud-init[1142]: Cloud-init v. 17.1 running 'modules:config' at Thu, 11 Jan 2018 10:56:30 +0000. Up 24.87 seconds.
         Starting Login Service...
[[0;32m  OK  [0m] Started System Logging Service.
[[0;32m  OK  [0m] Started OpenBSD Secure Shell server.
[[0;32m  OK  [0m] Started iSCSI initiator daemon (iscsid).
[[0;32m  OK  [0m] Started /etc/rc.local Compatibility.
[[0;32m  OK  [0m] Started Apply the settings specified in cloud-config.
         Starting Login to default iSCSI targets...
[[0;32m  OK  [0m] Started Login Service.
[[0;32m  OK  [0m] Started LSB: Record successful boot for GRUB.
         Starting Authenticate and Authorize Users to Run Privileged Tasks...
[[0;32m  OK  [0m] Started Login to default iSCSI targets.
[[0;32m  OK  [0m] Started LSB: MD monitoring daemon.
[[0;32m  OK  [0m] Reached target Remote File Systems (Pre).
[[0;32m  OK  [0m] Reached target Remote File Systems.
         Starting LSB: automatic crash report generation...
         Starting LSB: Set the CPU Frequency Scaling governor to "ondemand"...
         Starting Permit User Sessions...
         Starting LSB: daemon to balance interrupts for SMP systems...
         Starting LSB: VirtualBox Linux Additions...
[[0;32m  OK  [0m] Started Permit User Sessions.
[[0;32m  OK  [0m] Started LSB: Set the CPU Frequency Scaling governor to "ondemand".
         Starting Terminate Plymouth Boot Screen...
         Starting Hold until boot process finishes up...
[[0;32m  OK  [0m] Started Terminate Plymouth Boot Screen.
[[0;32m  OK  [0m] Started Hold until boot process finishes up.
[[0;32m  OK  [0m] Started Authenticate and Authorize Users to Run Privileged Tasks.
[[0;32m  OK  [0m] Started Accounts Service.
[[0;32m  OK  [0m] Started LSB: automatic crash report generation.
         Starting Set console scheme...
[[0;32m  OK  [0m] Started Getty on tty1.
[[0;32m  OK  [0m] Started Serial Getty on ttyS0.
[[0;32m  OK  [0m] Reached target Login Prompts.
[[0;32m  OK  [0m] Started LSB: daemon to balance interrupts for SMP systems.
[[0;32m  OK  [0m] Started Set console scheme.
[[0;32m  OK  [0m] Started A high performance web server and a reverse proxy server.
[[0;32m  OK  [0m] Started LXD - container startup/shutdown.
[[0;32m  OK  [0m] Started LSB: VirtualBox Linux Additions.
[[0;32m  OK  [0m] Started Snappy daemon.
[[0;32m  OK  [0m] Created slice User Slice of ubuntu.
         Starting User Manager for UID 1000...
[[0;32m  OK  [0m] Started Session 1 of user ubuntu.
[[0;32m  OK  [0m] Started User Manager for UID 1000.
[[0;32m  OK  [0m] Started The PHP 7.0 FastCGI Process Manager.
[[0;32m  OK  [0m] Started MySQL Community Server.
[[0;32m  OK  [0m] Reached target Multi-User System.
         Starting Execute cloud user/final scripts...
[[0;32m  OK  [0m] Reached target Graphical Interface.
         Starting Update UTMP about System Runlevel Changes...
[[0;32m  OK  [0m] Started Update UTMP about System Runlevel Changes.
[   32.705052] 
Ubuntu 16.04.3 LTS ubuntu-xenial ttyS0

ubuntu-xenial login:          Stopping User Manager for UID 1000...
         Stopping ACPI event daemon...
[[0;32m  OK  [0m] Closed Load/Save RF Kill Switch Status /dev/rfkill Watch.
[[0;32m  OK  [0m] Stopped target Graphical Interface.
         Stopping Accounts Service...
         Stopping Session 4 of user ubuntu.
[[0;32m  OK  [0m] Stopped target Timers.
[[0;32m  OK  [0m] Stopped Daily apt upgrade and clean activities.
[[0;32m  OK  [0m] Stopped Daily apt download activities.
[[0;32m  OK  [0m] Stopped Daily Cleanup of Temporary Directories.
         Stopping Authenticate and Authorize Users to Run Privileged Tasks...
[[0;32m  OK  [0m] Stopped target Cloud-init target.
[[0;32m  OK  [0m] Stopped Execute cloud user/final scripts.
[[0;32m  OK  [0m] Stopped target Multi-User System.
         Stopping The PHP 7.0 FastCGI Process Manager...
         Stopping D-Bus System Message Bus...
[[0;32m  OK  [0m] Stopped target Login Prompts.
         Stopping Getty on tty1...
         Stopping FUSE filesystem for LXC...
         Stopping LSB: automatic crash report generation...
         Stopping System Logging Service...
         Stopping LSB: Record successful boot for GRUB...
         Stopping LSB: MD monitoring daemon...
         Stopping LXD - container startup/shutdown...
         Stopping Snappy daemon...
         Stopping Unattended Upgrades Shutdown...
         Stopping OpenBSD Secure Shell server...
         Stopping MySQL Community Server...
         Stopping LSB: VirtualBox Linux Additions...
         Stopping LSB: Set the CPU Frequency Scaling governor to "ondemand"...
         Stopping LSB: daemon to balance interrupts for SMP systems...
         Stopping Regular background program processing daemon...
         Stopping Deferred execution scheduler...
[[0;32m  OK  [0ml[[0;32m  OK  [0m] Unmounted /var/lib/lxcfs.
[[0;32m  OK  [0m] Stopped Accounts Service.
[[0;32m  OK  [0m] Stopped Regular background program processing daemon.
[[0;32m  OK  [0m] Stopped System Logging Service.
[[0;32m  OK  [0m] Stopped OpenBSD Secure Shell server.
[[0;32m  OK  [0m] Stopped Deferred execution scheduler.
[[0;32m  OK  [0m] Stopped ACPI event daemon.
[[0;32m  OK  [0m] Stopped Snappy daemon.
[[0;32m  OK  [0m] Stopped Authenticate and Authorize Users to Run Privileged Tasks.
[[0;32m  OK  [0m] Stopped Getty on tty1.
[[0;32m  OK  [0m] Stopped Serial Getty on ttyS0.
[[0;32m  OK  [0m] Stopped The PHP 7.0 FastCGI Process Manager.
[[0;32m  OK  [0m] Stopped User Manager for UID 1000.
[[0;32m  OK  [0m] Stopped Session 4 of user ubuntu.
[[0;32m  OK  [0m] Stopped D-Bus System Message Bus.
[[0;32m  OK  [0m] Stopped Unattended Upgrades Shutdown.
[[0;32m  OK  [0m] Stopped A high performance web server and a reverse proxy server.
[[0;32m  OK  [0m] Stopped FUSE filesystem for LXC.
[[0;32m  OK  [0m] Stopped LSB: MD monitoring daemon.
[[0;32m  OK  [0m] Stopped LSB: automatic crash report generation.
[[0;32m  OK  [0m] Stopped LSB: VirtualBox Linux Additions.
[[0;32m  OK  [0m] Stopped LSB: Record successful boot for GRUB.
[[0;32m  OK  [0m] Stopped LXD - container startup/shutdown.
[[0;32m  OK  [0m] Stopped LSB: Set the CPU Frequency Scaling governor to "ondemand".
[[0;32m  OK  [0m] Stopped LSB: daemon to balance interrupts for SMP systems.
[[0;32m  OK  [0m] Removed slice User Slice of ubuntu.
         Stopping Login Service...
[[0;32m  OK  [0m] Removed slice system-serial\x2dgetty.slice.
         Stopping Permit User Sessions...
[[0;32m  OK  [0m] Removed slice system-getty.slice.
[[0;32m  OK  [0m] Stopped /etc/rc.local Compatibility.
[[0;32m  OK  [0m] Stopped Login Service.
[[0;32m  OK  [0m] Stopped Permit User Sessions.
[[0;32m  OK  [0m] Stopped target Remote File Systems.
[[0;32m  OK  [0m] Stopped target Remote File Systems (Pre).
         Stopping Login to default iSCSI targets...
[[0;32m  OK  [0m] Stopped target User and Group Name Lookups.
[[0;32m  OK  [0m] Stopped Login to default iSCSI targets.
         Stopping iSCSI initiator daemon (iscsid)...
[[0;32m  OK  [0m] Stopped iSCSI initiator daemon (iscsid).
[[0;32m  OK  [0m] Stopped target Network is Online.
[[0;32m  OK  [0m] Stopped MySQL Community Server.
[[0;32m  OK  [0m] Stopped target Network.
[[0;32m  OK  [0m] Stopped target Basic System.
[[0;32m  OK  [0m] Stopped target Sockets.
[[0;32m  OK  [0m] Closed ACPID Listen Socket.
[[0;32m  OK  [0m] Closed UUID daemon activation socket.
[[0;32m  OK  [0m] Closed Syslog Socket.
[[0;32m  OK  [0m] Closed Socket activation for snappy daemon.
[[0;32m  OK  [0m] Closed D-Bus System Message Bus Socket.
[[0;32m  OK  [0m] Closed LXD - unix socket.
[[0;32m  OK  [0m] Stopped target Slices.
[[0;32m  OK  [0m] Removed slice User and Session Slice.
[[0;32m  OK  [0m] Stopped target Paths.
[[0;32m  OK  [0m] Stopped ACPI Events Check.
[[0;32m  OK  [0m] Stopped target System Initialization.
[[0;32m  OK  [0m] Stopped Initial cloud-init job (metadata service crawler).
         Stopping Raise network interfaces...
         Stopping Update UTMP about System Boot/Shutdown...
[[0;32m  OK  [0m] Stopped target Encrypted Volumes.
         Stopping Load/Save Random Seed...
[[0;32m  OK  [0m] Stopped target Swap.
[[0;32m  OK  [0m] Stopped Forward Password Requests to Wall Directory Watch.
[[0;32m  OK  [0m] Stopped Dispatch Password Requests to Console Directory Watch.
[[0;32m  OK  [0m] Stopped Load/Save Random Seed.
[[0;32m  OK  [0m] Stopped Update UTMP about System Boot/Shutdown.
[[0;32m  OK  [0m] Stopped Create Volatile Files and Directories.
[[0;32m  OK  [0m] Stopped Raise network interfaces.
[[0;32m  OK  [0m] Stopped target Network (Pre).
[[0;32m  OK  [0m] Stopped Initial cloud-init job (pre-networking).
[[0;32m  OK  [0m] Stopped target Local File Systems.
         Unmounting /vagrant...
         Unmounting /run/user/1000...
[[0;32m  OK  [0m] Stopped Apply Kernel Variables.
[[0;32m  OK  [0m] Stopped Load Kernel Modules.
[[0;32m  OK  [0m] Unmounted /vagrant.
[[0;32m  OK  [0m] Unmounted /run/user/1000.
[[0;32m  OK  [0m] Reached target Unmount All Filesystems.
[[0;32m  OK  [0m] Stopped target Local File Systems (Pre).
         Stopping Monitoring of LVM2 mirrors... dmeventd or progress polling...
[[0;32m  OK  [0m] Stopped Remount Root and Kernel File Systems.
[[0;32m  OK  [0m] Stopped Create Static Device Nodes in /dev.
[[0;32m  OK  [0m] Reached target Shutdown.
[ 1266.60475 rbot: Power down
